2023-04-18 10:26:03,840 [Worker-1: Loading available Gradle versions] INFO  o.e.b.c.i.u.g.PublishedGradleVersions - Gradle version information cache is up-to-date. Trying to read.
2023-04-18 10:28:08,707 [Worker-5: Import Getting Started Content] INFO  o.e.m.c.i.l.LifecycleMappingFactory - Using org.eclipse.m2e.jdt.JarLifecycleMapping lifecycle mapping for MavenProject: com.example:Stripe_:0.0.1-SNAPSHOT @ C:\wks\Stripe_\Stripe_\pom.xml.
2023-04-18 10:28:09,307 [Worker-5: Import Getting Started Content] INFO  o.e.m.j.i.AbstractJavaProjectConfigurator - Adding source folder /Stripe_/src/main/java
2023-04-18 10:28:09,307 [Worker-5: Import Getting Started Content] INFO  o.e.m.j.i.AbstractJavaProjectConfigurator - Adding resource folder /Stripe_/src/main/resources
2023-04-18 10:28:09,313 [Worker-5: Import Getting Started Content] INFO  o.e.m.j.i.AbstractJavaProjectConfigurator - Adding resource folder /Stripe_/src/main/resources
2023-04-18 10:28:09,319 [Worker-5: Import Getting Started Content] INFO  o.e.m.j.i.AbstractJavaProjectConfigurator - Adding source folder /Stripe_/src/test/java
2023-04-18 10:28:10,253 [Worker-5: Import Getting Started Content] INFO  o.e.m.c.i.p.ProjectConfigurationManager - Imported and configured 1 project(s) in 2 sec
2023-04-18 10:28:10,258 [Worker-5: Import Getting Started Content] INFO  o.e.m.c.i.p.ProjectConfigurationManager - Update started
2023-04-18 10:28:10,415 [Worker-5: Import Getting Started Content] INFO  o.e.m.c.i.l.LifecycleMappingFactory - Using org.eclipse.m2e.jdt.JarLifecycleMapping lifecycle mapping for MavenProject: com.example:Stripe_:0.0.1-SNAPSHOT @ C:\wks\Stripe_\Stripe_\pom.xml.
2023-04-18 10:28:10,687 [Worker-5: Import Getting Started Content] INFO  o.e.m.j.i.AbstractJavaProjectConfigurator - Adding source folder /Stripe_/src/main/java
2023-04-18 10:28:10,687 [Worker-5: Import Getting Started Content] INFO  o.e.m.j.i.AbstractJavaProjectConfigurator - Adding resource folder /Stripe_/src/main/resources
2023-04-18 10:28:10,687 [Worker-5: Import Getting Started Content] INFO  o.e.m.j.i.AbstractJavaProjectConfigurator - Adding resource folder /Stripe_/src/main/resources
2023-04-18 10:28:10,688 [Worker-5: Import Getting Started Content] INFO  o.e.m.j.i.AbstractJavaProjectConfigurator - Adding source folder /Stripe_/src/test/java
2023-04-18 10:28:11,088 [Worker-5: Import Getting Started Content] INFO  o.e.m.c.i.p.ProjectConfigurationManager - Update completed for 1 poms: local refresh takes 0,00 sec, refresh facades takes 0,00 sec, update config takes 0,00 sec 
2023-04-18 10:28:11,897 [Worker-0: Building] INFO  o.a.m.s.f.DefaultMavenResourcesFiltering - Copying 1 resource
2023-04-18 10:28:11,929 [Worker-0: Building] INFO  o.a.m.s.f.DefaultMavenResourcesFiltering - Copying 0 resource
2023-04-18 10:28:11,934 [Worker-0: Building] INFO  o.a.m.s.f.DefaultMavenResourcesFiltering - skip non existing resourceDirectory C:\wks\Stripe_\Stripe_\src\test\resources
2023-04-18 10:28:42,971 [Worker-1: Building] INFO  o.a.m.s.f.DefaultMavenResourcesFiltering - Copying 1 resource
2023-04-18 10:28:42,975 [Worker-1: Building] INFO  o.a.m.s.f.DefaultMavenResourcesFiltering - Copying 0 resource
2023-04-18 10:28:42,979 [Worker-1: Building] INFO  o.a.m.s.f.DefaultMavenResourcesFiltering - skip non existing resourceDirectory C:\wks\Stripe_\Stripe_\src\test\resources
2023-04-18 10:30:49,259 [Worker-6: Building] INFO  o.a.m.s.f.DefaultMavenResourcesFiltering - Copying 1 resource
2023-04-18 10:30:49,269 [Worker-6: Building] INFO  o.a.m.s.f.DefaultMavenResourcesFiltering - Copying 0 resource
2023-04-18 10:30:49,274 [Worker-6: Building] INFO  o.a.m.s.f.DefaultMavenResourcesFiltering - skip non existing resourceDirectory C:\wks\Stripe_\Stripe_\src\test\resources
2023-04-18 10:32:01,418 [Worker-11: Building] INFO  o.a.m.s.f.DefaultMavenResourcesFiltering - Copying 1 resource
2023-04-18 10:32:01,421 [Worker-11: Building] INFO  o.a.m.s.f.DefaultMavenResourcesFiltering - Copying 0 resource
2023-04-18 10:32:01,423 [Worker-11: Building] INFO  o.a.m.s.f.DefaultMavenResourcesFiltering - skip non existing resourceDirectory C:\wks\Stripe_\Stripe_\src\test\resources
2023-04-18 10:32:26,325 [Worker-11: Building] INFO  o.a.m.s.f.DefaultMavenResourcesFiltering - Copying 1 resource
2023-04-18 10:32:26,330 [Worker-11: Building] INFO  o.a.m.s.f.DefaultMavenResourcesFiltering - Copying 0 resource
2023-04-18 10:32:26,354 [Worker-11: Building] INFO  o.a.m.s.f.DefaultMavenResourcesFiltering - skip non existing resourceDirectory C:\wks\Stripe_\Stripe_\src\test\resources
2023-04-18 10:32:42,535 [Worker-8: Building] INFO  o.a.m.s.f.DefaultMavenResourcesFiltering - Copying 1 resource
2023-04-18 10:32:42,539 [Worker-8: Building] INFO  o.a.m.s.f.DefaultMavenResourcesFiltering - Copying 0 resource
2023-04-18 10:32:42,541 [Worker-8: Building] INFO  o.a.m.s.f.DefaultMavenResourcesFiltering - skip non existing resourceDirectory C:\wks\Stripe_\Stripe_\src\test\resources
2023-04-18 10:32:50,738 [Worker-12: Building] INFO  o.a.m.s.f.DefaultMavenResourcesFiltering - Copying 1 resource
2023-04-18 10:32:50,741 [Worker-12: Building] INFO  o.a.m.s.f.DefaultMavenResourcesFiltering - Copying 0 resource
2023-04-18 10:32:50,742 [Worker-12: Building] INFO  o.a.m.s.f.DefaultMavenResourcesFiltering - skip non existing resourceDirectory C:\wks\Stripe_\Stripe_\src\test\resources
2023-04-18 10:33:21,355 [Worker-12: Building] INFO  o.a.m.s.f.DefaultMavenResourcesFiltering - Copying 1 resource
2023-04-18 10:33:21,359 [Worker-12: Building] INFO  o.a.m.s.f.DefaultMavenResourcesFiltering - Copying 0 resource
2023-04-18 10:33:21,363 [Worker-12: Building] INFO  o.a.m.s.f.DefaultMavenResourcesFiltering - skip non existing resourceDirectory C:\wks\Stripe_\Stripe_\src\test\resources
2023-04-18 10:33:32,524 [Worker-4: Building] INFO  o.a.m.s.f.DefaultMavenResourcesFiltering - Copying 1 resource
2023-04-18 10:33:32,528 [Worker-4: Building] INFO  o.a.m.s.f.DefaultMavenResourcesFiltering - Copying 0 resource
2023-04-18 10:33:32,530 [Worker-4: Building] INFO  o.a.m.s.f.DefaultMavenResourcesFiltering - skip non existing resourceDirectory C:\wks\Stripe_\Stripe_\src\test\resources
2023-04-18 10:33:54,782 [Worker-0: Building] INFO  o.a.m.s.f.DefaultMavenResourcesFiltering - Copying 1 resource
2023-04-18 10:33:54,787 [Worker-0: Building] INFO  o.a.m.s.f.DefaultMavenResourcesFiltering - Copying 0 resource
2023-04-18 10:33:54,789 [Worker-0: Building] INFO  o.a.m.s.f.DefaultMavenResourcesFiltering - skip non existing resourceDirectory C:\wks\Stripe_\Stripe_\src\test\resources
2023-04-18 10:34:18,124 [Worker-6: Building] INFO  o.a.m.s.f.DefaultMavenResourcesFiltering - Copying 1 resource
2023-04-18 10:34:18,127 [Worker-6: Building] INFO  o.a.m.s.f.DefaultMavenResourcesFiltering - Copying 0 resource
2023-04-18 10:34:18,131 [Worker-6: Building] INFO  o.a.m.s.f.DefaultMavenResourcesFiltering - skip non existing resourceDirectory C:\wks\Stripe_\Stripe_\src\test\resources
2023-04-18 10:34:32,371 [Worker-10: Building] INFO  o.a.m.s.f.DefaultMavenResourcesFiltering - Copying 1 resource
2023-04-18 10:34:32,383 [Worker-10: Building] INFO  o.a.m.s.f.DefaultMavenResourcesFiltering - Copying 0 resource
2023-04-18 10:34:32,388 [Worker-10: Building] INFO  o.a.m.s.f.DefaultMavenResourcesFiltering - skip non existing resourceDirectory C:\wks\Stripe_\Stripe_\src\test\resources
2023-04-18 10:35:11,814 [Worker-11: Building] INFO  o.a.m.s.f.DefaultMavenResourcesFiltering - Copying 1 resource
2023-04-18 10:35:11,818 [Worker-11: Building] INFO  o.a.m.s.f.DefaultMavenResourcesFiltering - Copying 0 resource
2023-04-18 10:35:11,820 [Worker-11: Building] INFO  o.a.m.s.f.DefaultMavenResourcesFiltering - skip non existing resourceDirectory C:\wks\Stripe_\Stripe_\src\test\resources
2023-04-18 10:36:00,652 [Worker-0: Building] INFO  o.a.m.s.f.DefaultMavenResourcesFiltering - Copying 1 resource
2023-04-18 10:36:00,658 [Worker-0: Building] INFO  o.a.m.s.f.DefaultMavenResourcesFiltering - Copying 0 resource
2023-04-18 10:36:00,661 [Worker-0: Building] INFO  o.a.m.s.f.DefaultMavenResourcesFiltering - skip non existing resourceDirectory C:\wks\Stripe_\Stripe_\src\test\resources
2023-04-18 10:36:11,988 [Worker-8: Launching Executing clean in C__wks_Stripe__Stripe_] INFO  o.eclipse.m2e.core.internal.Bundles - getClasspathEntries(Bundle=org.eclipse.m2e.maven.runtime_3.8.701.20230209-1606 [346])
2023-04-18 10:36:11,990 [Worker-8: Launching Executing clean in C__wks_Stripe__Stripe_] INFO  o.eclipse.m2e.core.internal.Bundles - 	Entry: C:\Users\p-aesteban\Desktop\sts-4.18.0.RELEASE\plugins\org.eclipse.m2e.maven.runtime_3.8.701.20230209-1606
2023-04-18 10:36:11,990 [Worker-8: Launching Executing clean in C__wks_Stripe__Stripe_] INFO  o.eclipse.m2e.core.internal.Bundles - 	Entry: C:\Users\p-aesteban\Desktop\sts-4.18.0.RELEASE\plugins\org.eclipse.m2e.maven.runtime_3.8.701.20230209-1606\jars\aether-connector-okhttp-0.17.8.jar
2023-04-18 10:36:11,991 [Worker-8: Launching Executing clean in C__wks_Stripe__Stripe_] INFO  o.eclipse.m2e.core.internal.Bundles - 	Entry: C:\Users\p-aesteban\Desktop\sts-4.18.0.RELEASE\plugins\org.eclipse.m2e.maven.runtime_3.8.701.20230209-1606\jars\commons-lang3-3.8.1.jar
2023-04-18 10:36:11,991 [Worker-8: Launching Executing clean in C__wks_Stripe__Stripe_] INFO  o.eclipse.m2e.core.internal.Bundles - 	Entry: C:\Users\p-aesteban\Desktop\sts-4.18.0.RELEASE\plugins\org.eclipse.m2e.maven.runtime_3.8.701.20230209-1606\jars\guice-4.2.2-no_aop.jar
2023-04-18 10:36:11,991 [Worker-8: Launching Executing clean in C__wks_Stripe__Stripe_] INFO  o.eclipse.m2e.core.internal.Bundles - 	Entry: C:\Users\p-aesteban\Desktop\sts-4.18.0.RELEASE\plugins\org.eclipse.m2e.maven.runtime_3.8.701.20230209-1606\jars\jansi-2.4.0.jar
2023-04-18 10:36:11,991 [Worker-8: Launching Executing clean in C__wks_Stripe__Stripe_] INFO  o.eclipse.m2e.core.internal.Bundles - 	Entry: C:\Users\p-aesteban\Desktop\sts-4.18.0.RELEASE\plugins\org.eclipse.m2e.maven.runtime_3.8.701.20230209-1606\jars\maven-artifact-3.8.7.jar
2023-04-18 10:36:11,991 [Worker-8: Launching Executing clean in C__wks_Stripe__Stripe_] INFO  o.eclipse.m2e.core.internal.Bundles - 	Entry: C:\Users\p-aesteban\Desktop\sts-4.18.0.RELEASE\plugins\org.eclipse.m2e.maven.runtime_3.8.701.20230209-1606\jars\maven-builder-support-3.8.7.jar
2023-04-18 10:36:11,991 [Worker-8: Launching Executing clean in C__wks_Stripe__Stripe_] INFO  o.eclipse.m2e.core.internal.Bundles - 	Entry: C:\Users\p-aesteban\Desktop\sts-4.18.0.RELEASE\plugins\org.eclipse.m2e.maven.runtime_3.8.701.20230209-1606\jars\maven-compat-3.8.7.jar
2023-04-18 10:36:11,991 [Worker-8: Launching Executing clean in C__wks_Stripe__Stripe_] INFO  o.eclipse.m2e.core.internal.Bundles - 	Entry: C:\Users\p-aesteban\Desktop\sts-4.18.0.RELEASE\plugins\org.eclipse.m2e.maven.runtime_3.8.701.20230209-1606\jars\maven-core-3.8.7.jar
2023-04-18 10:36:11,991 [Worker-8: Launching Executing clean in C__wks_Stripe__Stripe_] INFO  o.eclipse.m2e.core.internal.Bundles - 	Entry: C:\Users\p-aesteban\Desktop\sts-4.18.0.RELEASE\plugins\org.eclipse.m2e.maven.runtime_3.8.701.20230209-1606\jars\maven-embedder-3.8.7.jar
2023-04-18 10:36:11,991 [Worker-8: Launching Executing clean in C__wks_Stripe__Stripe_] INFO  o.eclipse.m2e.core.internal.Bundles - 	Entry: C:\Users\p-aesteban\Desktop\sts-4.18.0.RELEASE\plugins\org.eclipse.m2e.maven.runtime_3.8.701.20230209-1606\jars\maven-model-3.8.7.jar
2023-04-18 10:36:11,991 [Worker-8: Launching Executing clean in C__wks_Stripe__Stripe_] INFO  o.eclipse.m2e.core.internal.Bundles - 	Entry: C:\Users\p-aesteban\Desktop\sts-4.18.0.RELEASE\plugins\org.eclipse.m2e.maven.runtime_3.8.701.20230209-1606\jars\maven-model-builder-3.8.7.jar
2023-04-18 10:36:11,992 [Worker-8: Launching Executing clean in C__wks_Stripe__Stripe_] INFO  o.eclipse.m2e.core.internal.Bundles - 	Entry: C:\Users\p-aesteban\Desktop\sts-4.18.0.RELEASE\plugins\org.eclipse.m2e.maven.runtime_3.8.701.20230209-1606\jars\maven-plugin-api-3.8.7.jar
2023-04-18 10:36:11,992 [Worker-8: Launching Executing clean in C__wks_Stripe__Stripe_] INFO  o.eclipse.m2e.core.internal.Bundles - 	Entry: C:\Users\p-aesteban\Desktop\sts-4.18.0.RELEASE\plugins\org.eclipse.m2e.maven.runtime_3.8.701.20230209-1606\jars\maven-repository-metadata-3.8.7.jar
2023-04-18 10:36:11,992 [Worker-8: Launching Executing clean in C__wks_Stripe__Stripe_] INFO  o.eclipse.m2e.core.internal.Bundles - 	Entry: C:\Users\p-aesteban\Desktop\sts-4.18.0.RELEASE\plugins\org.eclipse.m2e.maven.runtime_3.8.701.20230209-1606\jars\maven-resolver-api-1.6.3.jar
2023-04-18 10:36:11,992 [Worker-8: Launching Executing clean in C__wks_Stripe__Stripe_] INFO  o.eclipse.m2e.core.internal.Bundles - 	Entry: C:\Users\p-aesteban\Desktop\sts-4.18.0.RELEASE\plugins\org.eclipse.m2e.maven.runtime_3.8.701.20230209-1606\jars\maven-resolver-connector-basic-1.6.3.jar
2023-04-18 10:36:11,992 [Worker-8: Launching Executing clean in C__wks_Stripe__Stripe_] INFO  o.eclipse.m2e.core.internal.Bundles - 	Entry: C:\Users\p-aesteban\Desktop\sts-4.18.0.RELEASE\plugins\org.eclipse.m2e.maven.runtime_3.8.701.20230209-1606\jars\maven-resolver-impl-1.6.3.jar
2023-04-18 10:36:11,992 [Worker-8: Launching Executing clean in C__wks_Stripe__Stripe_] INFO  o.eclipse.m2e.core.internal.Bundles - 	Entry: C:\Users\p-aesteban\Desktop\sts-4.18.0.RELEASE\plugins\org.eclipse.m2e.maven.runtime_3.8.701.20230209-1606\jars\maven-resolver-provider-3.8.7.jar
2023-04-18 10:36:11,992 [Worker-8: Launching Executing clean in C__wks_Stripe__Stripe_] INFO  o.eclipse.m2e.core.internal.Bundles - 	Entry: C:\Users\p-aesteban\Desktop\sts-4.18.0.RELEASE\plugins\org.eclipse.m2e.maven.runtime_3.8.701.20230209-1606\jars\maven-resolver-spi-1.6.3.jar
2023-04-18 10:36:11,992 [Worker-8: Launching Executing clean in C__wks_Stripe__Stripe_] INFO  o.eclipse.m2e.core.internal.Bundles - 	Entry: C:\Users\p-aesteban\Desktop\sts-4.18.0.RELEASE\plugins\org.eclipse.m2e.maven.runtime_3.8.701.20230209-1606\jars\maven-resolver-transport-wagon-1.6.3.jar
2023-04-18 10:36:11,992 [Worker-8: Launching Executing clean in C__wks_Stripe__Stripe_] INFO  o.eclipse.m2e.core.internal.Bundles - 	Entry: C:\Users\p-aesteban\Desktop\sts-4.18.0.RELEASE\plugins\org.eclipse.m2e.maven.runtime_3.8.701.20230209-1606\jars\maven-resolver-util-1.6.3.jar
2023-04-18 10:36:11,992 [Worker-8: Launching Executing clean in C__wks_Stripe__Stripe_] INFO  o.eclipse.m2e.core.internal.Bundles - 	Entry: C:\Users\p-aesteban\Desktop\sts-4.18.0.RELEASE\plugins\org.eclipse.m2e.maven.runtime_3.8.701.20230209-1606\jars\maven-settings-3.8.7.jar
2023-04-18 10:36:11,992 [Worker-8: Launching Executing clean in C__wks_Stripe__Stripe_] INFO  o.eclipse.m2e.core.internal.Bundles - 	Entry: C:\Users\p-aesteban\Desktop\sts-4.18.0.RELEASE\plugins\org.eclipse.m2e.maven.runtime_3.8.701.20230209-1606\jars\maven-settings-builder-3.8.7.jar
2023-04-18 10:36:11,993 [Worker-8: Launching Executing clean in C__wks_Stripe__Stripe_] INFO  o.eclipse.m2e.core.internal.Bundles - 	Entry: C:\Users\p-aesteban\Desktop\sts-4.18.0.RELEASE\plugins\org.eclipse.m2e.maven.runtime_3.8.701.20230209-1606\jars\maven-shared-utils-3.3.4.jar
2023-04-18 10:36:11,993 [Worker-8: Launching Executing clean in C__wks_Stripe__Stripe_] INFO  o.eclipse.m2e.core.internal.Bundles - 	Entry: C:\Users\p-aesteban\Desktop\sts-4.18.0.RELEASE\plugins\org.eclipse.m2e.maven.runtime_3.8.701.20230209-1606\jars\okhttp-3.14.1.jar
2023-04-18 10:36:11,993 [Worker-8: Launching Executing clean in C__wks_Stripe__Stripe_] INFO  o.eclipse.m2e.core.internal.Bundles - 	Entry: C:\Users\p-aesteban\Desktop\sts-4.18.0.RELEASE\plugins\org.eclipse.m2e.maven.runtime_3.8.701.20230209-1606\jars\okio-1.17.3.jar
2023-04-18 10:36:11,993 [Worker-8: Launching Executing clean in C__wks_Stripe__Stripe_] INFO  o.eclipse.m2e.core.internal.Bundles - 	Entry: C:\Users\p-aesteban\Desktop\sts-4.18.0.RELEASE\plugins\org.eclipse.m2e.maven.runtime_3.8.701.20230209-1606\jars\org.eclipse.sisu.inject-0.3.5.jar
2023-04-18 10:36:11,993 [Worker-8: Launching Executing clean in C__wks_Stripe__Stripe_] INFO  o.eclipse.m2e.core.internal.Bundles - 	Entry: C:\Users\p-aesteban\Desktop\sts-4.18.0.RELEASE\plugins\org.eclipse.m2e.maven.runtime_3.8.701.20230209-1606\jars\org.eclipse.sisu.plexus-0.3.5.jar
2023-04-18 10:36:11,993 [Worker-8: Launching Executing clean in C__wks_Stripe__Stripe_] INFO  o.eclipse.m2e.core.internal.Bundles - 	Entry: C:\Users\p-aesteban\Desktop\sts-4.18.0.RELEASE\plugins\org.eclipse.m2e.maven.runtime_3.8.701.20230209-1606\jars\plexus-build-api-0.0.7.jar
2023-04-18 10:36:11,993 [Worker-8: Launching Executing clean in C__wks_Stripe__Stripe_] INFO  o.eclipse.m2e.core.internal.Bundles - 	Entry: C:\Users\p-aesteban\Desktop\sts-4.18.0.RELEASE\plugins\org.eclipse.m2e.maven.runtime_3.8.701.20230209-1606\jars\plexus-cipher-2.0.jar
2023-04-18 10:36:11,993 [Worker-8: Launching Executing clean in C__wks_Stripe__Stripe_] INFO  o.eclipse.m2e.core.internal.Bundles - 	Entry: C:\Users\p-aesteban\Desktop\sts-4.18.0.RELEASE\plugins\org.eclipse.m2e.maven.runtime_3.8.701.20230209-1606\jars\plexus-classworlds-2.6.0.jar
2023-04-18 10:36:11,993 [Worker-8: Launching Executing clean in C__wks_Stripe__Stripe_] INFO  o.eclipse.m2e.core.internal.Bundles - 	Entry: C:\Users\p-aesteban\Desktop\sts-4.18.0.RELEASE\plugins\org.eclipse.m2e.maven.runtime_3.8.701.20230209-1606\jars\plexus-component-annotations-2.1.0.jar
2023-04-18 10:36:11,993 [Worker-8: Launching Executing clean in C__wks_Stripe__Stripe_] INFO  o.eclipse.m2e.core.internal.Bundles - 	Entry: C:\Users\p-aesteban\Desktop\sts-4.18.0.RELEASE\plugins\org.eclipse.m2e.maven.runtime_3.8.701.20230209-1606\jars\plexus-interpolation-1.26.jar
2023-04-18 10:36:11,993 [Worker-8: Launching Executing clean in C__wks_Stripe__Stripe_] INFO  o.eclipse.m2e.core.internal.Bundles - 	Entry: C:\Users\p-aesteban\Desktop\sts-4.18.0.RELEASE\plugins\org.eclipse.m2e.maven.runtime_3.8.701.20230209-1606\jars\plexus-sec-dispatcher-2.0.jar
2023-04-18 10:36:11,994 [Worker-8: Launching Executing clean in C__wks_Stripe__Stripe_] INFO  o.eclipse.m2e.core.internal.Bundles - 	Entry: C:\Users\p-aesteban\Desktop\sts-4.18.0.RELEASE\plugins\org.eclipse.m2e.maven.runtime_3.8.701.20230209-1606\jars\plexus-utils-3.3.1.jar
2023-04-18 10:36:11,994 [Worker-8: Launching Executing clean in C__wks_Stripe__Stripe_] INFO  o.eclipse.m2e.core.internal.Bundles - 	Entry: C:\Users\p-aesteban\Desktop\sts-4.18.0.RELEASE\plugins\org.eclipse.m2e.maven.runtime_3.8.701.20230209-1606\jars\wagon-file-3.5.3.jar
2023-04-18 10:36:11,994 [Worker-8: Launching Executing clean in C__wks_Stripe__Stripe_] INFO  o.eclipse.m2e.core.internal.Bundles - 	Entry: C:\Users\p-aesteban\Desktop\sts-4.18.0.RELEASE\plugins\org.eclipse.m2e.maven.runtime_3.8.701.20230209-1606\jars\wagon-provider-api-3.5.3.jar
2023-04-18 10:36:11,994 [Worker-8: Launching Executing clean in C__wks_Stripe__Stripe_] INFO  o.eclipse.m2e.core.internal.Bundles - getClasspathEntries(Bundle=com.google.guava_31.1.0.jre [23])
2023-04-18 10:36:11,995 [Worker-8: Launching Executing clean in C__wks_Stripe__Stripe_] INFO  o.eclipse.m2e.core.internal.Bundles - 	Entry: C:\Users\p-aesteban\Desktop\sts-4.18.0.RELEASE\plugins\com.google.guava_31.1.0.jre.jar
2023-04-18 10:36:11,995 [Worker-8: Launching Executing clean in C__wks_Stripe__Stripe_] INFO  o.eclipse.m2e.core.internal.Bundles - getClasspathEntries(Bundle=slf4j.api_1.7.36 [580])
2023-04-18 10:36:11,995 [Worker-8: Launching Executing clean in C__wks_Stripe__Stripe_] INFO  o.eclipse.m2e.core.internal.Bundles - 	Entry: C:\Users\p-aesteban\Desktop\sts-4.18.0.RELEASE\plugins\slf4j.api_1.7.36.jar
2023-04-18 10:36:11,995 [Worker-8: Launching Executing clean in C__wks_Stripe__Stripe_] INFO  o.eclipse.m2e.core.internal.Bundles - getClasspathEntries(Bundle=javax.inject_1.0.0.v20220405-0441 [50])
2023-04-18 10:36:11,996 [Worker-8: Launching Executing clean in C__wks_Stripe__Stripe_] INFO  o.eclipse.m2e.core.internal.Bundles - 	Entry: C:\Users\p-aesteban\Desktop\sts-4.18.0.RELEASE\plugins\javax.inject_1.0.0.v20220405-0441.jar
2023-04-18 10:36:11,996 [Worker-8: Launching Executing clean in C__wks_Stripe__Stripe_] INFO  o.eclipse.m2e.core.internal.Bundles - getClasspathEntries(Bundle=javax.annotation_1.3.5.v20221203-1659 [48])
2023-04-18 10:36:11,997 [Worker-8: Launching Executing clean in C__wks_Stripe__Stripe_] INFO  o.eclipse.m2e.core.internal.Bundles - 	Entry: C:\Users\p-aesteban\Desktop\sts-4.18.0.RELEASE\plugins\javax.annotation_1.3.5.v20221203-1659.jar
2023-04-18 10:36:11,997 [Worker-8: Launching Executing clean in C__wks_Stripe__Stripe_] INFO  o.eclipse.m2e.core.internal.Bundles - getClasspathEntries(Bundle=org.apache.commons.cli_1.4.0.v20221112-0806 [73])
2023-04-18 10:36:11,997 [Worker-8: Launching Executing clean in C__wks_Stripe__Stripe_] INFO  o.eclipse.m2e.core.internal.Bundles - 	Entry: C:\Users\p-aesteban\Desktop\sts-4.18.0.RELEASE\plugins\org.apache.commons.cli_1.4.0.v20221112-0806.jar
2023-04-18 10:36:11,997 [Worker-8: Launching Executing clean in C__wks_Stripe__Stripe_] INFO  o.eclipse.m2e.core.internal.Bundles - getClasspathEntries(Bundle=com.google.guava.failureaccess_1.0.1 [25])
2023-04-18 10:36:11,998 [Worker-8: Launching Executing clean in C__wks_Stripe__Stripe_] INFO  o.eclipse.m2e.core.internal.Bundles - 	Entry: C:\Users\p-aesteban\Desktop\sts-4.18.0.RELEASE\plugins\com.google.guava.failureaccess_1.0.1.jar
2023-04-18 10:36:12,000 [Worker-8: Launching Executing clean in C__wks_Stripe__Stripe_] INFO  o.e.m.i.launch.MavenLaunchDelegate - Run build in "C:\wks\Stripe_\Stripe_":
2023-04-18 10:36:12,002 [Worker-8: Launching Executing clean in C__wks_Stripe__Stripe_] INFO  o.e.m.i.launch.MavenLaunchDelegate -  mvn  -Ppom.xml -B -Dstyle.color=always clean
2023-04-18 10:46:18,257 [Worker-13: Building] INFO  o.a.m.s.f.DefaultMavenResourcesFiltering - Copying 0 resource
2023-04-18 10:46:18,258 [Worker-13: Building] INFO  o.a.m.s.f.DefaultMavenResourcesFiltering - Copying 0 resource
2023-04-18 10:46:18,259 [Worker-13: Building] INFO  o.a.m.s.f.DefaultMavenResourcesFiltering - skip non existing resourceDirectory C:\wks\Stripe_\Stripe_\src\test\resources
2023-04-18 10:46:54,803 [Worker-2: Building] INFO  o.a.m.s.f.DefaultMavenResourcesFiltering - Copying 1 resource
2023-04-18 10:46:54,807 [Worker-2: Building] INFO  o.a.m.s.f.DefaultMavenResourcesFiltering - Copying 0 resource
2023-04-18 10:46:54,810 [Worker-2: Building] INFO  o.a.m.s.f.DefaultMavenResourcesFiltering - skip non existing resourceDirectory C:\wks\Stripe_\Stripe_\src\test\resources
2023-04-18 10:47:07,718 [Worker-13: Building] INFO  o.a.m.s.f.DefaultMavenResourcesFiltering - Copying 1 resource
2023-04-18 10:47:07,726 [Worker-13: Building] INFO  o.a.m.s.f.DefaultMavenResourcesFiltering - Copying 0 resource
2023-04-18 10:47:07,728 [Worker-13: Building] INFO  o.a.m.s.f.DefaultMavenResourcesFiltering - skip non existing resourceDirectory C:\wks\Stripe_\Stripe_\src\test\resources
2023-04-18 10:47:18,787 [Worker-15: Building] INFO  o.a.m.s.f.DefaultMavenResourcesFiltering - Copying 1 resource
2023-04-18 10:47:18,790 [Worker-15: Building] INFO  o.a.m.s.f.DefaultMavenResourcesFiltering - Copying 0 resource
2023-04-18 10:47:18,791 [Worker-15: Building] INFO  o.a.m.s.f.DefaultMavenResourcesFiltering - skip non existing resourceDirectory C:\wks\Stripe_\Stripe_\src\test\resources
2023-04-18 10:47:26,011 [Worker-15: Building] INFO  o.a.m.s.f.DefaultMavenResourcesFiltering - Copying 1 resource
2023-04-18 10:47:26,015 [Worker-15: Building] INFO  o.a.m.s.f.DefaultMavenResourcesFiltering - Copying 0 resource
2023-04-18 10:47:26,016 [Worker-15: Building] INFO  o.a.m.s.f.DefaultMavenResourcesFiltering - skip non existing resourceDirectory C:\wks\Stripe_\Stripe_\src\test\resources
2023-04-18 10:47:36,576 [Worker-2: Building] INFO  o.a.m.s.f.DefaultMavenResourcesFiltering - Copying 1 resource
2023-04-18 10:47:36,580 [Worker-2: Building] INFO  o.a.m.s.f.DefaultMavenResourcesFiltering - Copying 0 resource
2023-04-18 10:47:36,581 [Worker-2: Building] INFO  o.a.m.s.f.DefaultMavenResourcesFiltering - skip non existing resourceDirectory C:\wks\Stripe_\Stripe_\src\test\resources
2023-04-18 10:47:41,031 [Worker-2: Building] INFO  o.a.m.s.f.DefaultMavenResourcesFiltering - Copying 1 resource
2023-04-18 10:47:41,036 [Worker-2: Building] INFO  o.a.m.s.f.DefaultMavenResourcesFiltering - Copying 0 resource
2023-04-18 10:47:41,040 [Worker-2: Building] INFO  o.a.m.s.f.DefaultMavenResourcesFiltering - skip non existing resourceDirectory C:\wks\Stripe_\Stripe_\src\test\resources
2023-04-18 10:47:52,507 [Worker-2: Building] INFO  o.a.m.s.f.DefaultMavenResourcesFiltering - Copying 1 resource
2023-04-18 10:47:52,511 [Worker-2: Building] INFO  o.a.m.s.f.DefaultMavenResourcesFiltering - Copying 0 resource
2023-04-18 10:47:52,513 [Worker-2: Building] INFO  o.a.m.s.f.DefaultMavenResourcesFiltering - skip non existing resourceDirectory C:\wks\Stripe_\Stripe_\src\test\resources
2023-04-18 10:47:56,969 [Worker-13: Building] INFO  o.a.m.s.f.DefaultMavenResourcesFiltering - Copying 1 resource
2023-04-18 10:47:57,002 [Worker-13: Building] INFO  o.a.m.s.f.DefaultMavenResourcesFiltering - Copying 0 resource
2023-04-18 10:47:57,008 [Worker-13: Building] INFO  o.a.m.s.f.DefaultMavenResourcesFiltering - skip non existing resourceDirectory C:\wks\Stripe_\Stripe_\src\test\resources
2023-04-18 10:48:02,887 [Worker-15: Building] INFO  o.a.m.s.f.DefaultMavenResourcesFiltering - Copying 1 resource
2023-04-18 10:48:02,895 [Worker-15: Building] INFO  o.a.m.s.f.DefaultMavenResourcesFiltering - Copying 0 resource
2023-04-18 10:48:02,897 [Worker-15: Building] INFO  o.a.m.s.f.DefaultMavenResourcesFiltering - skip non existing resourceDirectory C:\wks\Stripe_\Stripe_\src\test\resources
2023-04-18 10:48:07,973 [Worker-17: Building] INFO  o.a.m.s.f.DefaultMavenResourcesFiltering - Copying 1 resource
2023-04-18 10:48:07,976 [Worker-17: Building] INFO  o.a.m.s.f.DefaultMavenResourcesFiltering - Copying 0 resource
2023-04-18 10:48:07,978 [Worker-17: Building] INFO  o.a.m.s.f.DefaultMavenResourcesFiltering - skip non existing resourceDirectory C:\wks\Stripe_\Stripe_\src\test\resources
2023-04-18 10:48:19,767 [Worker-15: Building] INFO  o.a.m.s.f.DefaultMavenResourcesFiltering - Copying 1 resource
2023-04-18 10:48:19,772 [Worker-15: Building] INFO  o.a.m.s.f.DefaultMavenResourcesFiltering - Copying 0 resource
2023-04-18 10:48:19,774 [Worker-15: Building] INFO  o.a.m.s.f.DefaultMavenResourcesFiltering - skip non existing resourceDirectory C:\wks\Stripe_\Stripe_\src\test\resources
2023-04-18 10:48:29,812 [Worker-16: Building] INFO  o.a.m.s.f.DefaultMavenResourcesFiltering - Copying 1 resource
2023-04-18 10:48:29,816 [Worker-16: Building] INFO  o.a.m.s.f.DefaultMavenResourcesFiltering - Copying 0 resource
2023-04-18 10:48:29,818 [Worker-16: Building] INFO  o.a.m.s.f.DefaultMavenResourcesFiltering - skip non existing resourceDirectory C:\wks\Stripe_\Stripe_\src\test\resources
2023-04-18 10:48:45,712 [Worker-17: Building] INFO  o.a.m.s.f.DefaultMavenResourcesFiltering - Copying 1 resource
2023-04-18 10:48:45,716 [Worker-17: Building] INFO  o.a.m.s.f.DefaultMavenResourcesFiltering - Copying 0 resource
2023-04-18 10:48:45,718 [Worker-17: Building] INFO  o.a.m.s.f.DefaultMavenResourcesFiltering - skip non existing resourceDirectory C:\wks\Stripe_\Stripe_\src\test\resources
2023-04-18 10:48:54,447 [Worker-14: Building] INFO  o.a.m.s.f.DefaultMavenResourcesFiltering - Copying 1 resource
2023-04-18 10:48:54,452 [Worker-14: Building] INFO  o.a.m.s.f.DefaultMavenResourcesFiltering - Copying 0 resource
2023-04-18 10:48:54,456 [Worker-14: Building] INFO  o.a.m.s.f.DefaultMavenResourcesFiltering - skip non existing resourceDirectory C:\wks\Stripe_\Stripe_\src\test\resources
2023-04-18 10:50:18,717 [Worker-15: Launching Stripe_ - StripeApplication] INFO  o.a.m.s.f.DefaultMavenResourcesFiltering - Copying 1 resource
2023-04-18 10:50:18,730 [Worker-15: Launching Stripe_ - StripeApplication] INFO  o.a.m.s.f.DefaultMavenResourcesFiltering - Copying 0 resource
2023-04-18 10:50:18,732 [Worker-15: Launching Stripe_ - StripeApplication] INFO  o.a.m.s.f.DefaultMavenResourcesFiltering - skip non existing resourceDirectory C:\wks\Stripe_\Stripe_\src\test\resources
2023-04-18 10:50:27,865 [Worker-18: Building] INFO  o.a.m.s.f.DefaultMavenResourcesFiltering - Copying 1 resource
2023-04-18 10:50:27,868 [Worker-18: Building] INFO  o.a.m.s.f.DefaultMavenResourcesFiltering - Copying 0 resource
2023-04-18 10:50:27,870 [Worker-18: Building] INFO  o.a.m.s.f.DefaultMavenResourcesFiltering - skip non existing resourceDirectory C:\wks\Stripe_\Stripe_\src\test\resources
2023-04-18 11:00:41,679 [Worker-25: Building] INFO  o.a.m.s.f.DefaultMavenResourcesFiltering - Copying 1 resource
2023-04-18 11:00:41,698 [Worker-25: Building] INFO  o.a.m.s.f.DefaultMavenResourcesFiltering - Copying 0 resource
2023-04-18 11:00:41,700 [Worker-25: Building] INFO  o.a.m.s.f.DefaultMavenResourcesFiltering - skip non existing resourceDirectory C:\wks\Stripe_\Stripe_\src\test\resources
2023-04-18 11:01:39,518 [Worker-20: Building] INFO  o.a.m.s.f.DefaultMavenResourcesFiltering - Copying 1 resource
2023-04-18 11:01:39,532 [Worker-20: Building] INFO  o.a.m.s.f.DefaultMavenResourcesFiltering - Copying 0 resource
2023-04-18 11:01:39,534 [Worker-20: Building] INFO  o.a.m.s.f.DefaultMavenResourcesFiltering - skip non existing resourceDirectory C:\wks\Stripe_\Stripe_\src\test\resources
2023-04-18 11:02:00,649 [Worker-25: Building] INFO  o.a.m.s.f.DefaultMavenResourcesFiltering - Copying 1 resource
2023-04-18 11:02:00,662 [Worker-25: Building] INFO  o.a.m.s.f.DefaultMavenResourcesFiltering - Copying 0 resource
2023-04-18 11:02:00,665 [Worker-25: Building] INFO  o.a.m.s.f.DefaultMavenResourcesFiltering - skip non existing resourceDirectory C:\wks\Stripe_\Stripe_\src\test\resources
2023-04-18 11:02:19,822 [Worker-25: Building] INFO  o.a.m.s.f.DefaultMavenResourcesFiltering - Copying 1 resource
2023-04-18 11:02:19,826 [Worker-25: Building] INFO  o.a.m.s.f.DefaultMavenResourcesFiltering - Copying 0 resource
2023-04-18 11:02:19,831 [Worker-25: Building] INFO  o.a.m.s.f.DefaultMavenResourcesFiltering - skip non existing resourceDirectory C:\wks\Stripe_\Stripe_\src\test\resources
2023-04-18 11:02:34,617 [Worker-21: Building] INFO  o.a.m.s.f.DefaultMavenResourcesFiltering - Copying 1 resource
2023-04-18 11:02:34,624 [Worker-21: Building] INFO  o.a.m.s.f.DefaultMavenResourcesFiltering - Copying 0 resource
2023-04-18 11:02:34,625 [Worker-21: Building] INFO  o.a.m.s.f.DefaultMavenResourcesFiltering - skip non existing resourceDirectory C:\wks\Stripe_\Stripe_\src\test\resources
2023-04-18 11:03:32,080 [Worker-22: Building] INFO  o.a.m.s.f.DefaultMavenResourcesFiltering - Copying 1 resource
2023-04-18 11:03:32,081 [Worker-22: Building] INFO  o.a.m.s.f.DefaultMavenResourcesFiltering - Copying 0 resource
2023-04-18 11:03:32,083 [Worker-22: Building] INFO  o.a.m.s.f.DefaultMavenResourcesFiltering - skip non existing resourceDirectory C:\wks\Stripe_\Stripe_\src\test\resources
2023-04-18 11:03:43,967 [Worker-24: Launching Executing clean in C__wks_Stripe__Stripe_] INFO  o.e.m.i.launch.MavenLaunchDelegate - Run build in "C:\wks\Stripe_\Stripe_":
2023-04-18 11:03:43,967 [Worker-24: Launching Executing clean in C__wks_Stripe__Stripe_] INFO  o.e.m.i.launch.MavenLaunchDelegate -  mvn  -Ppom.xml -B -Dstyle.color=always clean
2023-04-18 11:05:35,380 [Worker-15: Building] INFO  o.a.m.s.f.DefaultMavenResourcesFiltering - Copying 1 resource
2023-04-18 11:05:35,381 [Worker-15: Building] INFO  o.a.m.s.f.DefaultMavenResourcesFiltering - Copying 0 resource
2023-04-18 11:05:35,382 [Worker-15: Building] INFO  o.a.m.s.f.DefaultMavenResourcesFiltering - skip non existing resourceDirectory C:\wks\Stripe_\Stripe_\src\test\resources
2023-04-18 11:05:44,862 [Worker-22: Launching Executing clean in C__wks_Stripe__Stripe_] INFO  o.e.m.i.launch.MavenLaunchDelegate - Run build in "C:\wks\Stripe_\Stripe_":
2023-04-18 11:05:44,863 [Worker-22: Launching Executing clean in C__wks_Stripe__Stripe_] INFO  o.e.m.i.launch.MavenLaunchDelegate -  mvn  -Ppom.xml -B -Dstyle.color=always clean
2023-04-18 11:46:17,317 [Worker-2: Loading available Gradle versions] INFO  o.e.b.c.i.u.g.PublishedGradleVersions - Gradle version information cache is up-to-date. Trying to read.
2023-04-18 11:47:05,503 [Worker-1: Building] INFO  o.a.m.s.f.DefaultMavenResourcesFiltering - Copying 1 resource
2023-04-18 11:47:05,519 [Worker-1: Building] INFO  o.a.m.s.f.DefaultMavenResourcesFiltering - Copying 0 resource
2023-04-18 11:47:05,522 [Worker-1: Building] INFO  o.a.m.s.f.DefaultMavenResourcesFiltering - skip non existing resourceDirectory C:\wks\Stripe_\Stripe_\src\test\resources
2023-04-18 11:47:22,988 [Worker-10: Building] INFO  o.a.m.s.f.DefaultMavenResourcesFiltering - Copying 1 resource
2023-04-18 11:47:22,994 [Worker-10: Building] INFO  o.a.m.s.f.DefaultMavenResourcesFiltering - Copying 0 resource
2023-04-18 11:47:22,996 [Worker-10: Building] INFO  o.a.m.s.f.DefaultMavenResourcesFiltering - skip non existing resourceDirectory C:\wks\Stripe_\Stripe_\src\test\resources
2023-04-18 11:47:34,931 [Worker-0: Building] INFO  o.a.m.s.f.DefaultMavenResourcesFiltering - Copying 1 resource
2023-04-18 11:47:34,953 [Worker-0: Building] INFO  o.a.m.s.f.DefaultMavenResourcesFiltering - Copying 0 resource
2023-04-18 11:47:34,958 [Worker-0: Building] INFO  o.a.m.s.f.DefaultMavenResourcesFiltering - skip non existing resourceDirectory C:\wks\Stripe_\Stripe_\src\test\resources
2023-04-18 11:47:59,075 [Worker-8: Building] INFO  o.a.m.s.f.DefaultMavenResourcesFiltering - Copying 1 resource
2023-04-18 11:47:59,079 [Worker-8: Building] INFO  o.a.m.s.f.DefaultMavenResourcesFiltering - Copying 0 resource
2023-04-18 11:47:59,082 [Worker-8: Building] INFO  o.a.m.s.f.DefaultMavenResourcesFiltering - skip non existing resourceDirectory C:\wks\Stripe_\Stripe_\src\test\resources
2023-04-18 11:48:11,291 [Worker-4: Launching Executing clean in C__wks_Stripe__Stripe_] INFO  o.eclipse.m2e.core.internal.Bundles - getClasspathEntries(Bundle=org.eclipse.m2e.maven.runtime_3.8.701.20230209-1606 [346])
2023-04-18 11:48:11,295 [Worker-4: Launching Executing clean in C__wks_Stripe__Stripe_] INFO  o.eclipse.m2e.core.internal.Bundles - 	Entry: C:\Users\p-aesteban\Desktop\sts-4.18.0.RELEASE\plugins\org.eclipse.m2e.maven.runtime_3.8.701.20230209-1606
2023-04-18 11:48:11,295 [Worker-4: Launching Executing clean in C__wks_Stripe__Stripe_] INFO  o.eclipse.m2e.core.internal.Bundles - 	Entry: C:\Users\p-aesteban\Desktop\sts-4.18.0.RELEASE\plugins\org.eclipse.m2e.maven.runtime_3.8.701.20230209-1606\jars\aether-connector-okhttp-0.17.8.jar
2023-04-18 11:48:11,295 [Worker-4: Launching Executing clean in C__wks_Stripe__Stripe_] INFO  o.eclipse.m2e.core.internal.Bundles - 	Entry: C:\Users\p-aesteban\Desktop\sts-4.18.0.RELEASE\plugins\org.eclipse.m2e.maven.runtime_3.8.701.20230209-1606\jars\commons-lang3-3.8.1.jar
2023-04-18 11:48:11,295 [Worker-4: Launching Executing clean in C__wks_Stripe__Stripe_] INFO  o.eclipse.m2e.core.internal.Bundles - 	Entry: C:\Users\p-aesteban\Desktop\sts-4.18.0.RELEASE\plugins\org.eclipse.m2e.maven.runtime_3.8.701.20230209-1606\jars\guice-4.2.2-no_aop.jar
2023-04-18 11:48:11,295 [Worker-4: Launching Executing clean in C__wks_Stripe__Stripe_] INFO  o.eclipse.m2e.core.internal.Bundles - 	Entry: C:\Users\p-aesteban\Desktop\sts-4.18.0.RELEASE\plugins\org.eclipse.m2e.maven.runtime_3.8.701.20230209-1606\jars\jansi-2.4.0.jar
2023-04-18 11:48:11,296 [Worker-4: Launching Executing clean in C__wks_Stripe__Stripe_] INFO  o.eclipse.m2e.core.internal.Bundles - 	Entry: C:\Users\p-aesteban\Desktop\sts-4.18.0.RELEASE\plugins\org.eclipse.m2e.maven.runtime_3.8.701.20230209-1606\jars\maven-artifact-3.8.7.jar
2023-04-18 11:48:11,296 [Worker-4: Launching Executing clean in C__wks_Stripe__Stripe_] INFO  o.eclipse.m2e.core.internal.Bundles - 	Entry: C:\Users\p-aesteban\Desktop\sts-4.18.0.RELEASE\plugins\org.eclipse.m2e.maven.runtime_3.8.701.20230209-1606\jars\maven-builder-support-3.8.7.jar
2023-04-18 11:48:11,296 [Worker-4: Launching Executing clean in C__wks_Stripe__Stripe_] INFO  o.eclipse.m2e.core.internal.Bundles - 	Entry: C:\Users\p-aesteban\Desktop\sts-4.18.0.RELEASE\plugins\org.eclipse.m2e.maven.runtime_3.8.701.20230209-1606\jars\maven-compat-3.8.7.jar
2023-04-18 11:48:11,296 [Worker-4: Launching Executing clean in C__wks_Stripe__Stripe_] INFO  o.eclipse.m2e.core.internal.Bundles - 	Entry: C:\Users\p-aesteban\Desktop\sts-4.18.0.RELEASE\plugins\org.eclipse.m2e.maven.runtime_3.8.701.20230209-1606\jars\maven-core-3.8.7.jar
2023-04-18 11:48:11,296 [Worker-4: Launching Executing clean in C__wks_Stripe__Stripe_] INFO  o.eclipse.m2e.core.internal.Bundles - 	Entry: C:\Users\p-aesteban\Desktop\sts-4.18.0.RELEASE\plugins\org.eclipse.m2e.maven.runtime_3.8.701.20230209-1606\jars\maven-embedder-3.8.7.jar
2023-04-18 11:48:11,296 [Worker-4: Launching Executing clean in C__wks_Stripe__Stripe_] INFO  o.eclipse.m2e.core.internal.Bundles - 	Entry: C:\Users\p-aesteban\Desktop\sts-4.18.0.RELEASE\plugins\org.eclipse.m2e.maven.runtime_3.8.701.20230209-1606\jars\maven-model-3.8.7.jar
2023-04-18 11:48:11,297 [Worker-4: Launching Executing clean in C__wks_Stripe__Stripe_] INFO  o.eclipse.m2e.core.internal.Bundles - 	Entry: C:\Users\p-aesteban\Desktop\sts-4.18.0.RELEASE\plugins\org.eclipse.m2e.maven.runtime_3.8.701.20230209-1606\jars\maven-model-builder-3.8.7.jar
2023-04-18 11:48:11,297 [Worker-4: Launching Executing clean in C__wks_Stripe__Stripe_] INFO  o.eclipse.m2e.core.internal.Bundles - 	Entry: C:\Users\p-aesteban\Desktop\sts-4.18.0.RELEASE\plugins\org.eclipse.m2e.maven.runtime_3.8.701.20230209-1606\jars\maven-plugin-api-3.8.7.jar
2023-04-18 11:48:11,297 [Worker-4: Launching Executing clean in C__wks_Stripe__Stripe_] INFO  o.eclipse.m2e.core.internal.Bundles - 	Entry: C:\Users\p-aesteban\Desktop\sts-4.18.0.RELEASE\plugins\org.eclipse.m2e.maven.runtime_3.8.701.20230209-1606\jars\maven-repository-metadata-3.8.7.jar
2023-04-18 11:48:11,297 [Worker-4: Launching Executing clean in C__wks_Stripe__Stripe_] INFO  o.eclipse.m2e.core.internal.Bundles - 	Entry: C:\Users\p-aesteban\Desktop\sts-4.18.0.RELEASE\plugins\org.eclipse.m2e.maven.runtime_3.8.701.20230209-1606\jars\maven-resolver-api-1.6.3.jar
2023-04-18 11:48:11,297 [Worker-4: Launching Executing clean in C__wks_Stripe__Stripe_] INFO  o.eclipse.m2e.core.internal.Bundles - 	Entry: C:\Users\p-aesteban\Desktop\sts-4.18.0.RELEASE\plugins\org.eclipse.m2e.maven.runtime_3.8.701.20230209-1606\jars\maven-resolver-connector-basic-1.6.3.jar
2023-04-18 11:48:11,297 [Worker-4: Launching Executing clean in C__wks_Stripe__Stripe_] INFO  o.eclipse.m2e.core.internal.Bundles - 	Entry: C:\Users\p-aesteban\Desktop\sts-4.18.0.RELEASE\plugins\org.eclipse.m2e.maven.runtime_3.8.701.20230209-1606\jars\maven-resolver-impl-1.6.3.jar
2023-04-18 11:48:11,297 [Worker-4: Launching Executing clean in C__wks_Stripe__Stripe_] INFO  o.eclipse.m2e.core.internal.Bundles - 	Entry: C:\Users\p-aesteban\Desktop\sts-4.18.0.RELEASE\plugins\org.eclipse.m2e.maven.runtime_3.8.701.20230209-1606\jars\maven-resolver-provider-3.8.7.jar
2023-04-18 11:48:11,298 [Worker-4: Launching Executing clean in C__wks_Stripe__Stripe_] INFO  o.eclipse.m2e.core.internal.Bundles - 	Entry: C:\Users\p-aesteban\Desktop\sts-4.18.0.RELEASE\plugins\org.eclipse.m2e.maven.runtime_3.8.701.20230209-1606\jars\maven-resolver-spi-1.6.3.jar
2023-04-18 11:48:11,298 [Worker-4: Launching Executing clean in C__wks_Stripe__Stripe_] INFO  o.eclipse.m2e.core.internal.Bundles - 	Entry: C:\Users\p-aesteban\Desktop\sts-4.18.0.RELEASE\plugins\org.eclipse.m2e.maven.runtime_3.8.701.20230209-1606\jars\maven-resolver-transport-wagon-1.6.3.jar
2023-04-18 11:48:11,298 [Worker-4: Launching Executing clean in C__wks_Stripe__Stripe_] INFO  o.eclipse.m2e.core.internal.Bundles - 	Entry: C:\Users\p-aesteban\Desktop\sts-4.18.0.RELEASE\plugins\org.eclipse.m2e.maven.runtime_3.8.701.20230209-1606\jars\maven-resolver-util-1.6.3.jar
2023-04-18 11:48:11,298 [Worker-4: Launching Executing clean in C__wks_Stripe__Stripe_] INFO  o.eclipse.m2e.core.internal.Bundles - 	Entry: C:\Users\p-aesteban\Desktop\sts-4.18.0.RELEASE\plugins\org.eclipse.m2e.maven.runtime_3.8.701.20230209-1606\jars\maven-settings-3.8.7.jar
2023-04-18 11:48:11,298 [Worker-4: Launching Executing clean in C__wks_Stripe__Stripe_] INFO  o.eclipse.m2e.core.internal.Bundles - 	Entry: C:\Users\p-aesteban\Desktop\sts-4.18.0.RELEASE\plugins\org.eclipse.m2e.maven.runtime_3.8.701.20230209-1606\jars\maven-settings-builder-3.8.7.jar
2023-04-18 11:48:11,298 [Worker-4: Launching Executing clean in C__wks_Stripe__Stripe_] INFO  o.eclipse.m2e.core.internal.Bundles - 	Entry: C:\Users\p-aesteban\Desktop\sts-4.18.0.RELEASE\plugins\org.eclipse.m2e.maven.runtime_3.8.701.20230209-1606\jars\maven-shared-utils-3.3.4.jar
2023-04-18 11:48:11,298 [Worker-4: Launching Executing clean in C__wks_Stripe__Stripe_] INFO  o.eclipse.m2e.core.internal.Bundles - 	Entry: C:\Users\p-aesteban\Desktop\sts-4.18.0.RELEASE\plugins\org.eclipse.m2e.maven.runtime_3.8.701.20230209-1606\jars\okhttp-3.14.1.jar
2023-04-18 11:48:11,298 [Worker-4: Launching Executing clean in C__wks_Stripe__Stripe_] INFO  o.eclipse.m2e.core.internal.Bundles - 	Entry: C:\Users\p-aesteban\Desktop\sts-4.18.0.RELEASE\plugins\org.eclipse.m2e.maven.runtime_3.8.701.20230209-1606\jars\okio-1.17.3.jar
2023-04-18 11:48:11,299 [Worker-4: Launching Executing clean in C__wks_Stripe__Stripe_] INFO  o.eclipse.m2e.core.internal.Bundles - 	Entry: C:\Users\p-aesteban\Desktop\sts-4.18.0.RELEASE\plugins\org.eclipse.m2e.maven.runtime_3.8.701.20230209-1606\jars\org.eclipse.sisu.inject-0.3.5.jar
2023-04-18 11:48:11,299 [Worker-4: Launching Executing clean in C__wks_Stripe__Stripe_] INFO  o.eclipse.m2e.core.internal.Bundles - 	Entry: C:\Users\p-aesteban\Desktop\sts-4.18.0.RELEASE\plugins\org.eclipse.m2e.maven.runtime_3.8.701.20230209-1606\jars\org.eclipse.sisu.plexus-0.3.5.jar
2023-04-18 11:48:11,299 [Worker-4: Launching Executing clean in C__wks_Stripe__Stripe_] INFO  o.eclipse.m2e.core.internal.Bundles - 	Entry: C:\Users\p-aesteban\Desktop\sts-4.18.0.RELEASE\plugins\org.eclipse.m2e.maven.runtime_3.8.701.20230209-1606\jars\plexus-build-api-0.0.7.jar
2023-04-18 11:48:11,299 [Worker-4: Launching Executing clean in C__wks_Stripe__Stripe_] INFO  o.eclipse.m2e.core.internal.Bundles - 	Entry: C:\Users\p-aesteban\Desktop\sts-4.18.0.RELEASE\plugins\org.eclipse.m2e.maven.runtime_3.8.701.20230209-1606\jars\plexus-cipher-2.0.jar
2023-04-18 11:48:11,299 [Worker-4: Launching Executing clean in C__wks_Stripe__Stripe_] INFO  o.eclipse.m2e.core.internal.Bundles - 	Entry: C:\Users\p-aesteban\Desktop\sts-4.18.0.RELEASE\plugins\org.eclipse.m2e.maven.runtime_3.8.701.20230209-1606\jars\plexus-classworlds-2.6.0.jar
2023-04-18 11:48:11,299 [Worker-4: Launching Executing clean in C__wks_Stripe__Stripe_] INFO  o.eclipse.m2e.core.internal.Bundles - 	Entry: C:\Users\p-aesteban\Desktop\sts-4.18.0.RELEASE\plugins\org.eclipse.m2e.maven.runtime_3.8.701.20230209-1606\jars\plexus-component-annotations-2.1.0.jar
2023-04-18 11:48:11,299 [Worker-4: Launching Executing clean in C__wks_Stripe__Stripe_] INFO  o.eclipse.m2e.core.internal.Bundles - 	Entry: C:\Users\p-aesteban\Desktop\sts-4.18.0.RELEASE\plugins\org.eclipse.m2e.maven.runtime_3.8.701.20230209-1606\jars\plexus-interpolation-1.26.jar
2023-04-18 11:48:11,299 [Worker-4: Launching Executing clean in C__wks_Stripe__Stripe_] INFO  o.eclipse.m2e.core.internal.Bundles - 	Entry: C:\Users\p-aesteban\Desktop\sts-4.18.0.RELEASE\plugins\org.eclipse.m2e.maven.runtime_3.8.701.20230209-1606\jars\plexus-sec-dispatcher-2.0.jar
2023-04-18 11:48:11,299 [Worker-4: Launching Executing clean in C__wks_Stripe__Stripe_] INFO  o.eclipse.m2e.core.internal.Bundles - 	Entry: C:\Users\p-aesteban\Desktop\sts-4.18.0.RELEASE\plugins\org.eclipse.m2e.maven.runtime_3.8.701.20230209-1606\jars\plexus-utils-3.3.1.jar
2023-04-18 11:48:11,300 [Worker-4: Launching Executing clean in C__wks_Stripe__Stripe_] INFO  o.eclipse.m2e.core.internal.Bundles - 	Entry: C:\Users\p-aesteban\Desktop\sts-4.18.0.RELEASE\plugins\org.eclipse.m2e.maven.runtime_3.8.701.20230209-1606\jars\wagon-file-3.5.3.jar
2023-04-18 11:48:11,300 [Worker-4: Launching Executing clean in C__wks_Stripe__Stripe_] INFO  o.eclipse.m2e.core.internal.Bundles - 	Entry: C:\Users\p-aesteban\Desktop\sts-4.18.0.RELEASE\plugins\org.eclipse.m2e.maven.runtime_3.8.701.20230209-1606\jars\wagon-provider-api-3.5.3.jar
2023-04-18 11:48:11,301 [Worker-4: Launching Executing clean in C__wks_Stripe__Stripe_] INFO  o.eclipse.m2e.core.internal.Bundles - getClasspathEntries(Bundle=com.google.guava_31.1.0.jre [23])
2023-04-18 11:48:11,301 [Worker-4: Launching Executing clean in C__wks_Stripe__Stripe_] INFO  o.eclipse.m2e.core.internal.Bundles - 	Entry: C:\Users\p-aesteban\Desktop\sts-4.18.0.RELEASE\plugins\com.google.guava_31.1.0.jre.jar
2023-04-18 11:48:11,301 [Worker-4: Launching Executing clean in C__wks_Stripe__Stripe_] INFO  o.eclipse.m2e.core.internal.Bundles - getClasspathEntries(Bundle=slf4j.api_1.7.36 [580])
2023-04-18 11:48:11,302 [Worker-4: Launching Executing clean in C__wks_Stripe__Stripe_] INFO  o.eclipse.m2e.core.internal.Bundles - 	Entry: C:\Users\p-aesteban\Desktop\sts-4.18.0.RELEASE\plugins\slf4j.api_1.7.36.jar
2023-04-18 11:48:11,302 [Worker-4: Launching Executing clean in C__wks_Stripe__Stripe_] INFO  o.eclipse.m2e.core.internal.Bundles - getClasspathEntries(Bundle=javax.inject_1.0.0.v20220405-0441 [50])
2023-04-18 11:48:11,302 [Worker-4: Launching Executing clean in C__wks_Stripe__Stripe_] INFO  o.eclipse.m2e.core.internal.Bundles - 	Entry: C:\Users\p-aesteban\Desktop\sts-4.18.0.RELEASE\plugins\javax.inject_1.0.0.v20220405-0441.jar
2023-04-18 11:48:11,302 [Worker-4: Launching Executing clean in C__wks_Stripe__Stripe_] INFO  o.eclipse.m2e.core.internal.Bundles - getClasspathEntries(Bundle=javax.annotation_1.3.5.v20221203-1659 [48])
2023-04-18 11:48:11,303 [Worker-4: Launching Executing clean in C__wks_Stripe__Stripe_] INFO  o.eclipse.m2e.core.internal.Bundles - 	Entry: C:\Users\p-aesteban\Desktop\sts-4.18.0.RELEASE\plugins\javax.annotation_1.3.5.v20221203-1659.jar
2023-04-18 11:48:11,303 [Worker-4: Launching Executing clean in C__wks_Stripe__Stripe_] INFO  o.eclipse.m2e.core.internal.Bundles - getClasspathEntries(Bundle=org.apache.commons.cli_1.4.0.v20221112-0806 [73])
2023-04-18 11:48:11,303 [Worker-4: Launching Executing clean in C__wks_Stripe__Stripe_] INFO  o.eclipse.m2e.core.internal.Bundles - 	Entry: C:\Users\p-aesteban\Desktop\sts-4.18.0.RELEASE\plugins\org.apache.commons.cli_1.4.0.v20221112-0806.jar
2023-04-18 11:48:11,303 [Worker-4: Launching Executing clean in C__wks_Stripe__Stripe_] INFO  o.eclipse.m2e.core.internal.Bundles - getClasspathEntries(Bundle=com.google.guava.failureaccess_1.0.1 [25])
2023-04-18 11:48:11,304 [Worker-4: Launching Executing clean in C__wks_Stripe__Stripe_] INFO  o.eclipse.m2e.core.internal.Bundles - 	Entry: C:\Users\p-aesteban\Desktop\sts-4.18.0.RELEASE\plugins\com.google.guava.failureaccess_1.0.1.jar
2023-04-18 11:48:11,306 [Worker-4: Launching Executing clean in C__wks_Stripe__Stripe_] INFO  o.e.m.i.launch.MavenLaunchDelegate - Run build in "C:\wks\Stripe_\Stripe_":
2023-04-18 11:48:11,307 [Worker-4: Launching Executing clean in C__wks_Stripe__Stripe_] INFO  o.e.m.i.launch.MavenLaunchDelegate -  mvn  -Ppom.xml -B -Dstyle.color=always clean
2023-04-18 11:48:47,473 [Worker-4: Building] INFO  o.a.m.s.f.DefaultMavenResourcesFiltering - Copying 1 resource
2023-04-18 11:48:47,475 [Worker-4: Building] INFO  o.a.m.s.f.DefaultMavenResourcesFiltering - Copying 0 resource
2023-04-18 11:48:47,477 [Worker-4: Building] INFO  o.a.m.s.f.DefaultMavenResourcesFiltering - skip non existing resourceDirectory C:\wks\Stripe_\Stripe_\src\test\resources
2023-04-18 11:50:47,163 [Worker-4: Building] INFO  o.a.m.s.f.DefaultMavenResourcesFiltering - Copying 1 resource
2023-04-18 11:50:47,173 [Worker-4: Building] INFO  o.a.m.s.f.DefaultMavenResourcesFiltering - Copying 0 resource
2023-04-18 11:50:47,176 [Worker-4: Building] INFO  o.a.m.s.f.DefaultMavenResourcesFiltering - skip non existing resourceDirectory C:\wks\Stripe_\Stripe_\src\test\resources
2023-04-18 12:01:48,342 [Worker-16: Launching Stripe_ - StripeApplication] INFO  o.a.m.s.f.DefaultMavenResourcesFiltering - Copying 1 resource
2023-04-18 12:01:48,356 [Worker-16: Launching Stripe_ - StripeApplication] INFO  o.a.m.s.f.DefaultMavenResourcesFiltering - Copying 0 resource
2023-04-18 12:01:48,360 [Worker-16: Launching Stripe_ - StripeApplication] INFO  o.a.m.s.f.DefaultMavenResourcesFiltering - skip non existing resourceDirectory C:\wks\Stripe_\Stripe_\src\test\resources
2023-04-18 12:04:42,362 [Worker-17: Building] INFO  o.a.m.s.f.DefaultMavenResourcesFiltering - Copying 1 resource
2023-04-18 12:04:42,414 [Worker-17: Building] INFO  o.a.m.s.f.DefaultMavenResourcesFiltering - Copying 0 resource
2023-04-18 12:04:42,417 [Worker-17: Building] INFO  o.a.m.s.f.DefaultMavenResourcesFiltering - skip non existing resourceDirectory C:\wks\Stripe_\Stripe_\src\test\resources
2023-04-18 12:04:53,270 [Worker-17: Launching Executing clean in C__wks_Stripe__Stripe_] INFO  o.e.m.i.launch.MavenLaunchDelegate - Run build in "C:\wks\Stripe_\Stripe_":
2023-04-18 12:04:53,271 [Worker-17: Launching Executing clean in C__wks_Stripe__Stripe_] INFO  o.e.m.i.launch.MavenLaunchDelegate -  mvn  -Ppom.xml -B -Dstyle.color=always clean
2023-04-18 12:08:48,032 [Worker-21: Launching Executing clean in C__wks_Stripe__Stripe_] INFO  o.e.m.i.launch.MavenLaunchDelegate - Run build in "C:\wks\Stripe_\Stripe_":
2023-04-18 12:08:48,032 [Worker-21: Launching Executing clean in C__wks_Stripe__Stripe_] INFO  o.e.m.i.launch.MavenLaunchDelegate -  mvn  -Ppom.xml -B -Dstyle.color=always clean
2023-04-18 12:08:56,275 [Worker-1: Launching Stripe_ - StripeApplication] INFO  o.a.m.s.f.DefaultMavenResourcesFiltering - Copying 1 resource
2023-04-18 12:08:56,278 [Worker-1: Launching Stripe_ - StripeApplication] INFO  o.a.m.s.f.DefaultMavenResourcesFiltering - Copying 0 resource
2023-04-18 12:08:56,281 [Worker-1: Launching Stripe_ - StripeApplication] INFO  o.a.m.s.f.DefaultMavenResourcesFiltering - skip non existing resourceDirectory C:\wks\Stripe_\Stripe_\src\test\resources
2023-04-18 12:09:29,548 [Worker-22: Launching Executing clean in C__wks_Stripe__Stripe_] INFO  o.e.m.i.launch.MavenLaunchDelegate - Run build in "C:\wks\Stripe_\Stripe_":
2023-04-18 12:09:29,548 [Worker-22: Launching Executing clean in C__wks_Stripe__Stripe_] INFO  o.e.m.i.launch.MavenLaunchDelegate -  mvn  -Ppom.xml -B -Dstyle.color=always clean
2023-04-18 12:09:37,594 [Worker-23: Building] INFO  o.a.m.s.f.DefaultMavenResourcesFiltering - Copying 1 resource
2023-04-18 12:09:37,596 [Worker-23: Building] INFO  o.a.m.s.f.DefaultMavenResourcesFiltering - Copying 0 resource
2023-04-18 12:09:37,598 [Worker-23: Building] INFO  o.a.m.s.f.DefaultMavenResourcesFiltering - skip non existing resourceDirectory C:\wks\Stripe_\Stripe_\src\test\resources
2023-04-18 12:09:38,653 [Worker-26: Building] INFO  o.a.m.s.f.DefaultMavenResourcesFiltering - Copying 1 resource
2023-04-18 12:09:38,671 [Worker-26: Building] INFO  o.a.m.s.f.DefaultMavenResourcesFiltering - Copying 0 resource
2023-04-18 12:09:38,673 [Worker-26: Building] INFO  o.a.m.s.f.DefaultMavenResourcesFiltering - skip non existing resourceDirectory C:\wks\Stripe_\Stripe_\src\test\resources
2023-04-18 12:09:39,851 [Worker-22: Building] INFO  o.a.m.s.f.DefaultMavenResourcesFiltering - Copying 1 resource
2023-04-18 12:09:39,856 [Worker-22: Building] INFO  o.a.m.s.f.DefaultMavenResourcesFiltering - Copying 0 resource
2023-04-18 12:09:39,858 [Worker-22: Building] INFO  o.a.m.s.f.DefaultMavenResourcesFiltering - skip non existing resourceDirectory C:\wks\Stripe_\Stripe_\src\test\resources
2023-04-18 12:09:40,904 [Worker-1: Building] INFO  o.a.m.s.f.DefaultMavenResourcesFiltering - Copying 1 resource
2023-04-18 12:09:40,918 [Worker-1: Building] INFO  o.a.m.s.f.DefaultMavenResourcesFiltering - Copying 0 resource
2023-04-18 12:09:40,920 [Worker-1: Building] INFO  o.a.m.s.f.DefaultMavenResourcesFiltering - skip non existing resourceDirectory C:\wks\Stripe_\Stripe_\src\test\resources
2023-04-18 12:10:04,202 [Worker-21: Building] INFO  o.a.m.s.f.DefaultMavenResourcesFiltering - Copying 1 resource
2023-04-18 12:10:04,213 [Worker-21: Building] INFO  o.a.m.s.f.DefaultMavenResourcesFiltering - Copying 0 resource
2023-04-18 12:10:04,216 [Worker-21: Building] INFO  o.a.m.s.f.DefaultMavenResourcesFiltering - skip non existing resourceDirectory C:\wks\Stripe_\Stripe_\src\test\resources
2023-04-18 12:10:28,158 [Worker-26: Building] INFO  o.a.m.s.f.DefaultMavenResourcesFiltering - Copying 1 resource
2023-04-18 12:10:28,163 [Worker-26: Building] INFO  o.a.m.s.f.DefaultMavenResourcesFiltering - Copying 0 resource
2023-04-18 12:10:28,166 [Worker-26: Building] INFO  o.a.m.s.f.DefaultMavenResourcesFiltering - skip non existing resourceDirectory C:\wks\Stripe_\Stripe_\src\test\resources
2023-04-18 12:11:03,830 [Worker-26: Building] INFO  o.a.m.s.f.DefaultMavenResourcesFiltering - Copying 1 resource
2023-04-18 12:11:03,839 [Worker-26: Building] INFO  o.a.m.s.f.DefaultMavenResourcesFiltering - Copying 0 resource
2023-04-18 12:11:03,844 [Worker-26: Building] INFO  o.a.m.s.f.DefaultMavenResourcesFiltering - skip non existing resourceDirectory C:\wks\Stripe_\Stripe_\src\test\resources
2023-04-18 12:11:19,040 [Worker-22: Building] INFO  o.a.m.s.f.DefaultMavenResourcesFiltering - Copying 1 resource
2023-04-18 12:11:19,050 [Worker-22: Building] INFO  o.a.m.s.f.DefaultMavenResourcesFiltering - Copying 0 resource
2023-04-18 12:11:19,054 [Worker-22: Building] INFO  o.a.m.s.f.DefaultMavenResourcesFiltering - skip non existing resourceDirectory C:\wks\Stripe_\Stripe_\src\test\resources
2023-04-18 12:11:31,616 [Worker-25: Launching Executing clean in C__wks_Stripe__Stripe_] INFO  o.e.m.i.launch.MavenLaunchDelegate - Run build in "C:\wks\Stripe_\Stripe_":
2023-04-18 12:11:31,616 [Worker-25: Launching Executing clean in C__wks_Stripe__Stripe_] INFO  o.e.m.i.launch.MavenLaunchDelegate -  mvn  -Ppom.xml -B -Dstyle.color=always clean
2023-04-18 12:12:19,279 [Worker-27: Building] INFO  o.a.m.s.f.DefaultMavenResourcesFiltering - Copying 1 resource
2023-04-18 12:12:19,281 [Worker-27: Building] INFO  o.a.m.s.f.DefaultMavenResourcesFiltering - Copying 0 resource
2023-04-18 12:12:19,283 [Worker-27: Building] INFO  o.a.m.s.f.DefaultMavenResourcesFiltering - skip non existing resourceDirectory C:\wks\Stripe_\Stripe_\src\test\resources
2023-04-18 12:12:31,726 [Worker-21: Launching Executing clean in C__wks_Stripe__Stripe_] INFO  o.e.m.i.launch.MavenLaunchDelegate - Run build in "C:\wks\Stripe_\Stripe_":
2023-04-18 12:12:31,726 [Worker-21: Launching Executing clean in C__wks_Stripe__Stripe_] INFO  o.e.m.i.launch.MavenLaunchDelegate -  mvn  -Ppom.xml -B -Dstyle.color=always clean
2023-04-18 12:13:00,349 [Worker-24: Building] INFO  o.a.m.s.f.DefaultMavenResourcesFiltering - Copying 1 resource
2023-04-18 12:13:00,352 [Worker-24: Building] INFO  o.a.m.s.f.DefaultMavenResourcesFiltering - Copying 0 resource
2023-04-18 12:13:00,353 [Worker-24: Building] INFO  o.a.m.s.f.DefaultMavenResourcesFiltering - skip non existing resourceDirectory C:\wks\Stripe_\Stripe_\src\test\resources
2023-04-18 12:13:24,821 [Worker-22: Launching Executing clean in C__wks_Stripe__Stripe_] INFO  o.e.m.i.launch.MavenLaunchDelegate - Run build in "C:\wks\Stripe_\Stripe_":
2023-04-18 12:13:24,821 [Worker-22: Launching Executing clean in C__wks_Stripe__Stripe_] INFO  o.e.m.i.launch.MavenLaunchDelegate -  mvn  -Ppom.xml -B -Dstyle.color=always clean
2023-04-18 12:15:00,210 [Worker-4: Loading available Gradle versions] INFO  o.e.b.c.i.u.g.PublishedGradleVersions - Gradle version information cache is up-to-date. Trying to read.
2023-04-18 12:16:02,792 [Worker-2: Building] INFO  o.a.m.s.f.DefaultMavenResourcesFiltering - Copying 1 resource
2023-04-18 12:16:02,824 [Worker-2: Building] INFO  o.a.m.s.f.DefaultMavenResourcesFiltering - Copying 0 resource
2023-04-18 12:16:02,835 [Worker-2: Building] INFO  o.a.m.s.f.DefaultMavenResourcesFiltering - skip non existing resourceDirectory C:\wks\Stripe_\Stripe_\src\test\resources
2023-04-18 12:16:13,516 [Worker-8: Launching Executing clean in C__wks_Stripe__Stripe_] INFO  o.eclipse.m2e.core.internal.Bundles - getClasspathEntries(Bundle=org.eclipse.m2e.maven.runtime_3.8.701.20230209-1606 [346])
2023-04-18 12:16:13,520 [Worker-8: Launching Executing clean in C__wks_Stripe__Stripe_] INFO  o.eclipse.m2e.core.internal.Bundles - 	Entry: C:\Users\p-aesteban\Desktop\sts-4.18.0.RELEASE\plugins\org.eclipse.m2e.maven.runtime_3.8.701.20230209-1606
2023-04-18 12:16:13,520 [Worker-8: Launching Executing clean in C__wks_Stripe__Stripe_] INFO  o.eclipse.m2e.core.internal.Bundles - 	Entry: C:\Users\p-aesteban\Desktop\sts-4.18.0.RELEASE\plugins\org.eclipse.m2e.maven.runtime_3.8.701.20230209-1606\jars\aether-connector-okhttp-0.17.8.jar
2023-04-18 12:16:13,520 [Worker-8: Launching Executing clean in C__wks_Stripe__Stripe_] INFO  o.eclipse.m2e.core.internal.Bundles - 	Entry: C:\Users\p-aesteban\Desktop\sts-4.18.0.RELEASE\plugins\org.eclipse.m2e.maven.runtime_3.8.701.20230209-1606\jars\commons-lang3-3.8.1.jar
2023-04-18 12:16:13,520 [Worker-8: Launching Executing clean in C__wks_Stripe__Stripe_] INFO  o.eclipse.m2e.core.internal.Bundles - 	Entry: C:\Users\p-aesteban\Desktop\sts-4.18.0.RELEASE\plugins\org.eclipse.m2e.maven.runtime_3.8.701.20230209-1606\jars\guice-4.2.2-no_aop.jar
2023-04-18 12:16:13,520 [Worker-8: Launching Executing clean in C__wks_Stripe__Stripe_] INFO  o.eclipse.m2e.core.internal.Bundles - 	Entry: C:\Users\p-aesteban\Desktop\sts-4.18.0.RELEASE\plugins\org.eclipse.m2e.maven.runtime_3.8.701.20230209-1606\jars\jansi-2.4.0.jar
2023-04-18 12:16:13,521 [Worker-8: Launching Executing clean in C__wks_Stripe__Stripe_] INFO  o.eclipse.m2e.core.internal.Bundles - 	Entry: C:\Users\p-aesteban\Desktop\sts-4.18.0.RELEASE\plugins\org.eclipse.m2e.maven.runtime_3.8.701.20230209-1606\jars\maven-artifact-3.8.7.jar
2023-04-18 12:16:13,521 [Worker-8: Launching Executing clean in C__wks_Stripe__Stripe_] INFO  o.eclipse.m2e.core.internal.Bundles - 	Entry: C:\Users\p-aesteban\Desktop\sts-4.18.0.RELEASE\plugins\org.eclipse.m2e.maven.runtime_3.8.701.20230209-1606\jars\maven-builder-support-3.8.7.jar
2023-04-18 12:16:13,521 [Worker-8: Launching Executing clean in C__wks_Stripe__Stripe_] INFO  o.eclipse.m2e.core.internal.Bundles - 	Entry: C:\Users\p-aesteban\Desktop\sts-4.18.0.RELEASE\plugins\org.eclipse.m2e.maven.runtime_3.8.701.20230209-1606\jars\maven-compat-3.8.7.jar
2023-04-18 12:16:13,521 [Worker-8: Launching Executing clean in C__wks_Stripe__Stripe_] INFO  o.eclipse.m2e.core.internal.Bundles - 	Entry: C:\Users\p-aesteban\Desktop\sts-4.18.0.RELEASE\plugins\org.eclipse.m2e.maven.runtime_3.8.701.20230209-1606\jars\maven-core-3.8.7.jar
2023-04-18 12:16:13,521 [Worker-8: Launching Executing clean in C__wks_Stripe__Stripe_] INFO  o.eclipse.m2e.core.internal.Bundles - 	Entry: C:\Users\p-aesteban\Desktop\sts-4.18.0.RELEASE\plugins\org.eclipse.m2e.maven.runtime_3.8.701.20230209-1606\jars\maven-embedder-3.8.7.jar
2023-04-18 12:16:13,521 [Worker-8: Launching Executing clean in C__wks_Stripe__Stripe_] INFO  o.eclipse.m2e.core.internal.Bundles - 	Entry: C:\Users\p-aesteban\Desktop\sts-4.18.0.RELEASE\plugins\org.eclipse.m2e.maven.runtime_3.8.701.20230209-1606\jars\maven-model-3.8.7.jar
2023-04-18 12:16:13,521 [Worker-8: Launching Executing clean in C__wks_Stripe__Stripe_] INFO  o.eclipse.m2e.core.internal.Bundles - 	Entry: C:\Users\p-aesteban\Desktop\sts-4.18.0.RELEASE\plugins\org.eclipse.m2e.maven.runtime_3.8.701.20230209-1606\jars\maven-model-builder-3.8.7.jar
2023-04-18 12:16:13,521 [Worker-8: Launching Executing clean in C__wks_Stripe__Stripe_] INFO  o.eclipse.m2e.core.internal.Bundles - 	Entry: C:\Users\p-aesteban\Desktop\sts-4.18.0.RELEASE\plugins\org.eclipse.m2e.maven.runtime_3.8.701.20230209-1606\jars\maven-plugin-api-3.8.7.jar
2023-04-18 12:16:13,521 [Worker-8: Launching Executing clean in C__wks_Stripe__Stripe_] INFO  o.eclipse.m2e.core.internal.Bundles - 	Entry: C:\Users\p-aesteban\Desktop\sts-4.18.0.RELEASE\plugins\org.eclipse.m2e.maven.runtime_3.8.701.20230209-1606\jars\maven-repository-metadata-3.8.7.jar
2023-04-18 12:16:13,521 [Worker-8: Launching Executing clean in C__wks_Stripe__Stripe_] INFO  o.eclipse.m2e.core.internal.Bundles - 	Entry: C:\Users\p-aesteban\Desktop\sts-4.18.0.RELEASE\plugins\org.eclipse.m2e.maven.runtime_3.8.701.20230209-1606\jars\maven-resolver-api-1.6.3.jar
2023-04-18 12:16:13,522 [Worker-8: Launching Executing clean in C__wks_Stripe__Stripe_] INFO  o.eclipse.m2e.core.internal.Bundles - 	Entry: C:\Users\p-aesteban\Desktop\sts-4.18.0.RELEASE\plugins\org.eclipse.m2e.maven.runtime_3.8.701.20230209-1606\jars\maven-resolver-connector-basic-1.6.3.jar
2023-04-18 12:16:13,522 [Worker-8: Launching Executing clean in C__wks_Stripe__Stripe_] INFO  o.eclipse.m2e.core.internal.Bundles - 	Entry: C:\Users\p-aesteban\Desktop\sts-4.18.0.RELEASE\plugins\org.eclipse.m2e.maven.runtime_3.8.701.20230209-1606\jars\maven-resolver-impl-1.6.3.jar
2023-04-18 12:16:13,522 [Worker-8: Launching Executing clean in C__wks_Stripe__Stripe_] INFO  o.eclipse.m2e.core.internal.Bundles - 	Entry: C:\Users\p-aesteban\Desktop\sts-4.18.0.RELEASE\plugins\org.eclipse.m2e.maven.runtime_3.8.701.20230209-1606\jars\maven-resolver-provider-3.8.7.jar
2023-04-18 12:16:13,522 [Worker-8: Launching Executing clean in C__wks_Stripe__Stripe_] INFO  o.eclipse.m2e.core.internal.Bundles - 	Entry: C:\Users\p-aesteban\Desktop\sts-4.18.0.RELEASE\plugins\org.eclipse.m2e.maven.runtime_3.8.701.20230209-1606\jars\maven-resolver-spi-1.6.3.jar
2023-04-18 12:16:13,522 [Worker-8: Launching Executing clean in C__wks_Stripe__Stripe_] INFO  o.eclipse.m2e.core.internal.Bundles - 	Entry: C:\Users\p-aesteban\Desktop\sts-4.18.0.RELEASE\plugins\org.eclipse.m2e.maven.runtime_3.8.701.20230209-1606\jars\maven-resolver-transport-wagon-1.6.3.jar
2023-04-18 12:16:13,522 [Worker-8: Launching Executing clean in C__wks_Stripe__Stripe_] INFO  o.eclipse.m2e.core.internal.Bundles - 	Entry: C:\Users\p-aesteban\Desktop\sts-4.18.0.RELEASE\plugins\org.eclipse.m2e.maven.runtime_3.8.701.20230209-1606\jars\maven-resolver-util-1.6.3.jar
2023-04-18 12:16:13,522 [Worker-8: Launching Executing clean in C__wks_Stripe__Stripe_] INFO  o.eclipse.m2e.core.internal.Bundles - 	Entry: C:\Users\p-aesteban\Desktop\sts-4.18.0.RELEASE\plugins\org.eclipse.m2e.maven.runtime_3.8.701.20230209-1606\jars\maven-settings-3.8.7.jar
2023-04-18 12:16:13,522 [Worker-8: Launching Executing clean in C__wks_Stripe__Stripe_] INFO  o.eclipse.m2e.core.internal.Bundles - 	Entry: C:\Users\p-aesteban\Desktop\sts-4.18.0.RELEASE\plugins\org.eclipse.m2e.maven.runtime_3.8.701.20230209-1606\jars\maven-settings-builder-3.8.7.jar
2023-04-18 12:16:13,522 [Worker-8: Launching Executing clean in C__wks_Stripe__Stripe_] INFO  o.eclipse.m2e.core.internal.Bundles - 	Entry: C:\Users\p-aesteban\Desktop\sts-4.18.0.RELEASE\plugins\org.eclipse.m2e.maven.runtime_3.8.701.20230209-1606\jars\maven-shared-utils-3.3.4.jar
2023-04-18 12:16:13,522 [Worker-8: Launching Executing clean in C__wks_Stripe__Stripe_] INFO  o.eclipse.m2e.core.internal.Bundles - 	Entry: C:\Users\p-aesteban\Desktop\sts-4.18.0.RELEASE\plugins\org.eclipse.m2e.maven.runtime_3.8.701.20230209-1606\jars\okhttp-3.14.1.jar
2023-04-18 12:16:13,522 [Worker-8: Launching Executing clean in C__wks_Stripe__Stripe_] INFO  o.eclipse.m2e.core.internal.Bundles - 	Entry: C:\Users\p-aesteban\Desktop\sts-4.18.0.RELEASE\plugins\org.eclipse.m2e.maven.runtime_3.8.701.20230209-1606\jars\okio-1.17.3.jar
2023-04-18 12:16:13,522 [Worker-8: Launching Executing clean in C__wks_Stripe__Stripe_] INFO  o.eclipse.m2e.core.internal.Bundles - 	Entry: C:\Users\p-aesteban\Desktop\sts-4.18.0.RELEASE\plugins\org.eclipse.m2e.maven.runtime_3.8.701.20230209-1606\jars\org.eclipse.sisu.inject-0.3.5.jar
2023-04-18 12:16:13,523 [Worker-8: Launching Executing clean in C__wks_Stripe__Stripe_] INFO  o.eclipse.m2e.core.internal.Bundles - 	Entry: C:\Users\p-aesteban\Desktop\sts-4.18.0.RELEASE\plugins\org.eclipse.m2e.maven.runtime_3.8.701.20230209-1606\jars\org.eclipse.sisu.plexus-0.3.5.jar
2023-04-18 12:16:13,523 [Worker-8: Launching Executing clean in C__wks_Stripe__Stripe_] INFO  o.eclipse.m2e.core.internal.Bundles - 	Entry: C:\Users\p-aesteban\Desktop\sts-4.18.0.RELEASE\plugins\org.eclipse.m2e.maven.runtime_3.8.701.20230209-1606\jars\plexus-build-api-0.0.7.jar
2023-04-18 12:16:13,523 [Worker-8: Launching Executing clean in C__wks_Stripe__Stripe_] INFO  o.eclipse.m2e.core.internal.Bundles - 	Entry: C:\Users\p-aesteban\Desktop\sts-4.18.0.RELEASE\plugins\org.eclipse.m2e.maven.runtime_3.8.701.20230209-1606\jars\plexus-cipher-2.0.jar
2023-04-18 12:16:13,523 [Worker-8: Launching Executing clean in C__wks_Stripe__Stripe_] INFO  o.eclipse.m2e.core.internal.Bundles - 	Entry: C:\Users\p-aesteban\Desktop\sts-4.18.0.RELEASE\plugins\org.eclipse.m2e.maven.runtime_3.8.701.20230209-1606\jars\plexus-classworlds-2.6.0.jar
2023-04-18 12:16:13,523 [Worker-8: Launching Executing clean in C__wks_Stripe__Stripe_] INFO  o.eclipse.m2e.core.internal.Bundles - 	Entry: C:\Users\p-aesteban\Desktop\sts-4.18.0.RELEASE\plugins\org.eclipse.m2e.maven.runtime_3.8.701.20230209-1606\jars\plexus-component-annotations-2.1.0.jar
2023-04-18 12:16:13,523 [Worker-8: Launching Executing clean in C__wks_Stripe__Stripe_] INFO  o.eclipse.m2e.core.internal.Bundles - 	Entry: C:\Users\p-aesteban\Desktop\sts-4.18.0.RELEASE\plugins\org.eclipse.m2e.maven.runtime_3.8.701.20230209-1606\jars\plexus-interpolation-1.26.jar
2023-04-18 12:16:13,523 [Worker-8: Launching Executing clean in C__wks_Stripe__Stripe_] INFO  o.eclipse.m2e.core.internal.Bundles - 	Entry: C:\Users\p-aesteban\Desktop\sts-4.18.0.RELEASE\plugins\org.eclipse.m2e.maven.runtime_3.8.701.20230209-1606\jars\plexus-sec-dispatcher-2.0.jar
2023-04-18 12:16:13,523 [Worker-8: Launching Executing clean in C__wks_Stripe__Stripe_] INFO  o.eclipse.m2e.core.internal.Bundles - 	Entry: C:\Users\p-aesteban\Desktop\sts-4.18.0.RELEASE\plugins\org.eclipse.m2e.maven.runtime_3.8.701.20230209-1606\jars\plexus-utils-3.3.1.jar
2023-04-18 12:16:13,523 [Worker-8: Launching Executing clean in C__wks_Stripe__Stripe_] INFO  o.eclipse.m2e.core.internal.Bundles - 	Entry: C:\Users\p-aesteban\Desktop\sts-4.18.0.RELEASE\plugins\org.eclipse.m2e.maven.runtime_3.8.701.20230209-1606\jars\wagon-file-3.5.3.jar
2023-04-18 12:16:13,523 [Worker-8: Launching Executing clean in C__wks_Stripe__Stripe_] INFO  o.eclipse.m2e.core.internal.Bundles - 	Entry: C:\Users\p-aesteban\Desktop\sts-4.18.0.RELEASE\plugins\org.eclipse.m2e.maven.runtime_3.8.701.20230209-1606\jars\wagon-provider-api-3.5.3.jar
2023-04-18 12:16:13,524 [Worker-8: Launching Executing clean in C__wks_Stripe__Stripe_] INFO  o.eclipse.m2e.core.internal.Bundles - getClasspathEntries(Bundle=com.google.guava_31.1.0.jre [23])
2023-04-18 12:16:13,525 [Worker-8: Launching Executing clean in C__wks_Stripe__Stripe_] INFO  o.eclipse.m2e.core.internal.Bundles - 	Entry: C:\Users\p-aesteban\Desktop\sts-4.18.0.RELEASE\plugins\com.google.guava_31.1.0.jre.jar
2023-04-18 12:16:13,525 [Worker-8: Launching Executing clean in C__wks_Stripe__Stripe_] INFO  o.eclipse.m2e.core.internal.Bundles - getClasspathEntries(Bundle=slf4j.api_1.7.36 [580])
2023-04-18 12:16:13,526 [Worker-8: Launching Executing clean in C__wks_Stripe__Stripe_] INFO  o.eclipse.m2e.core.internal.Bundles - 	Entry: C:\Users\p-aesteban\Desktop\sts-4.18.0.RELEASE\plugins\slf4j.api_1.7.36.jar
2023-04-18 12:16:13,526 [Worker-8: Launching Executing clean in C__wks_Stripe__Stripe_] INFO  o.eclipse.m2e.core.internal.Bundles - getClasspathEntries(Bundle=javax.inject_1.0.0.v20220405-0441 [50])
2023-04-18 12:16:13,526 [Worker-8: Launching Executing clean in C__wks_Stripe__Stripe_] INFO  o.eclipse.m2e.core.internal.Bundles - 	Entry: C:\Users\p-aesteban\Desktop\sts-4.18.0.RELEASE\plugins\javax.inject_1.0.0.v20220405-0441.jar
2023-04-18 12:16:13,526 [Worker-8: Launching Executing clean in C__wks_Stripe__Stripe_] INFO  o.eclipse.m2e.core.internal.Bundles - getClasspathEntries(Bundle=javax.annotation_1.3.5.v20221203-1659 [48])
2023-04-18 12:16:13,527 [Worker-8: Launching Executing clean in C__wks_Stripe__Stripe_] INFO  o.eclipse.m2e.core.internal.Bundles - 	Entry: C:\Users\p-aesteban\Desktop\sts-4.18.0.RELEASE\plugins\javax.annotation_1.3.5.v20221203-1659.jar
2023-04-18 12:16:13,527 [Worker-8: Launching Executing clean in C__wks_Stripe__Stripe_] INFO  o.eclipse.m2e.core.internal.Bundles - getClasspathEntries(Bundle=org.apache.commons.cli_1.4.0.v20221112-0806 [73])
2023-04-18 12:16:13,527 [Worker-8: Launching Executing clean in C__wks_Stripe__Stripe_] INFO  o.eclipse.m2e.core.internal.Bundles - 	Entry: C:\Users\p-aesteban\Desktop\sts-4.18.0.RELEASE\plugins\org.apache.commons.cli_1.4.0.v20221112-0806.jar
2023-04-18 12:16:13,527 [Worker-8: Launching Executing clean in C__wks_Stripe__Stripe_] INFO  o.eclipse.m2e.core.internal.Bundles - getClasspathEntries(Bundle=com.google.guava.failureaccess_1.0.1 [25])
2023-04-18 12:16:13,528 [Worker-8: Launching Executing clean in C__wks_Stripe__Stripe_] INFO  o.eclipse.m2e.core.internal.Bundles - 	Entry: C:\Users\p-aesteban\Desktop\sts-4.18.0.RELEASE\plugins\com.google.guava.failureaccess_1.0.1.jar
2023-04-18 12:16:13,531 [Worker-8: Launching Executing clean in C__wks_Stripe__Stripe_] INFO  o.e.m.i.launch.MavenLaunchDelegate - Run build in "C:\wks\Stripe_\Stripe_":
2023-04-18 12:16:13,531 [Worker-8: Launching Executing clean in C__wks_Stripe__Stripe_] INFO  o.e.m.i.launch.MavenLaunchDelegate -  mvn  -Ppom.xml -B -Dstyle.color=always clean
2023-04-18 12:16:55,954 [Worker-4: Building] INFO  o.a.m.s.f.DefaultMavenResourcesFiltering - Copying 1 resource
2023-04-18 12:16:55,957 [Worker-4: Building] INFO  o.a.m.s.f.DefaultMavenResourcesFiltering - Copying 0 resource
2023-04-18 12:16:55,959 [Worker-4: Building] INFO  o.a.m.s.f.DefaultMavenResourcesFiltering - skip non existing resourceDirectory C:\wks\Stripe_\Stripe_\src\test\resources
2023-04-18 12:17:09,689 [Worker-6: Building] INFO  o.a.m.s.f.DefaultMavenResourcesFiltering - Copying 1 resource
2023-04-18 12:17:09,693 [Worker-6: Building] INFO  o.a.m.s.f.DefaultMavenResourcesFiltering - Copying 0 resource
2023-04-18 12:17:09,696 [Worker-6: Building] INFO  o.a.m.s.f.DefaultMavenResourcesFiltering - skip non existing resourceDirectory C:\wks\Stripe_\Stripe_\src\test\resources
2023-04-18 12:17:22,794 [Worker-14: Launching Executing clean in C__wks_Stripe__Stripe_] INFO  o.e.m.i.launch.MavenLaunchDelegate - Run build in "C:\wks\Stripe_\Stripe_":
2023-04-18 12:17:22,795 [Worker-14: Launching Executing clean in C__wks_Stripe__Stripe_] INFO  o.e.m.i.launch.MavenLaunchDelegate -  mvn  -Ppom.xml -B -Dstyle.color=always clean
2023-04-18 12:17:45,941 [Worker-6: Building] INFO  o.a.m.s.f.DefaultMavenResourcesFiltering - Copying 1 resource
2023-04-18 12:17:45,943 [Worker-6: Building] INFO  o.a.m.s.f.DefaultMavenResourcesFiltering - Copying 0 resource
2023-04-18 12:17:45,947 [Worker-6: Building] INFO  o.a.m.s.f.DefaultMavenResourcesFiltering - skip non existing resourceDirectory C:\wks\Stripe_\Stripe_\src\test\resources
2023-04-18 12:18:01,120 [Worker-0: Launching Executing clean in C__wks_Stripe__Stripe_] INFO  o.e.m.i.launch.MavenLaunchDelegate - Run build in "C:\wks\Stripe_\Stripe_":
2023-04-18 12:18:01,120 [Worker-0: Launching Executing clean in C__wks_Stripe__Stripe_] INFO  o.e.m.i.launch.MavenLaunchDelegate -  mvn  -Ppom.xml -B -Dstyle.color=always clean
2023-04-18 12:18:25,926 [Worker-1: Launching Executing install in C__wks_Stripe__Stripe_] INFO  o.e.m.i.launch.MavenLaunchDelegate - Run build in "C:\wks\Stripe_\Stripe_":
2023-04-18 12:18:25,926 [Worker-1: Launching Executing install in C__wks_Stripe__Stripe_] INFO  o.e.m.i.launch.MavenLaunchDelegate -  mvn  -Ppom.xml -B -Dstyle.color=always install
2023-04-18 12:19:12,520 [Worker-3: Building] INFO  o.a.m.s.f.DefaultMavenResourcesFiltering - Copying 1 resource
2023-04-18 12:19:12,531 [Worker-3: Building] INFO  o.a.m.s.f.DefaultMavenResourcesFiltering - Copying 0 resource
2023-04-18 12:19:12,534 [Worker-3: Building] INFO  o.a.m.s.f.DefaultMavenResourcesFiltering - skip non existing resourceDirectory C:\wks\Stripe_\Stripe_\src\test\resources
2023-04-18 12:26:10,096 [Worker-18: Building] INFO  o.a.m.s.f.DefaultMavenResourcesFiltering - Copying 1 resource
2023-04-18 12:26:10,108 [Worker-18: Building] INFO  o.a.m.s.f.DefaultMavenResourcesFiltering - Copying 0 resource
2023-04-18 12:26:10,110 [Worker-18: Building] INFO  o.a.m.s.f.DefaultMavenResourcesFiltering - skip non existing resourceDirectory C:\wks\Stripe_\Stripe_\src\test\resources
2023-04-18 12:26:18,134 [Worker-19: Building] INFO  o.a.m.s.f.DefaultMavenResourcesFiltering - Copying 1 resource
2023-04-18 12:26:18,144 [Worker-19: Building] INFO  o.a.m.s.f.DefaultMavenResourcesFiltering - Copying 0 resource
2023-04-18 12:26:18,148 [Worker-19: Building] INFO  o.a.m.s.f.DefaultMavenResourcesFiltering - skip non existing resourceDirectory C:\wks\Stripe_\Stripe_\src\test\resources
2023-04-18 12:28:08,744 [Worker-20: Building] INFO  o.a.m.s.f.DefaultMavenResourcesFiltering - Copying 1 resource
2023-04-18 12:28:08,757 [Worker-20: Building] INFO  o.a.m.s.f.DefaultMavenResourcesFiltering - Copying 0 resource
2023-04-18 12:28:08,762 [Worker-20: Building] INFO  o.a.m.s.f.DefaultMavenResourcesFiltering - skip non existing resourceDirectory C:\wks\Stripe_\Stripe_\src\test\resources
2023-04-18 12:29:04,861 [Worker-19: Building] INFO  o.a.m.s.f.DefaultMavenResourcesFiltering - Copying 1 resource
2023-04-18 12:29:04,865 [Worker-19: Building] INFO  o.a.m.s.f.DefaultMavenResourcesFiltering - Copying 0 resource
2023-04-18 12:29:04,867 [Worker-19: Building] INFO  o.a.m.s.f.DefaultMavenResourcesFiltering - skip non existing resourceDirectory C:\wks\Stripe_\Stripe_\src\test\resources
2023-04-18 12:29:33,322 [Worker-17: Launching Executing clean in C__wks_Stripe__Stripe_] INFO  o.e.m.i.launch.MavenLaunchDelegate - Run build in "C:\wks\Stripe_\Stripe_":
2023-04-18 12:29:33,322 [Worker-17: Launching Executing clean in C__wks_Stripe__Stripe_] INFO  o.e.m.i.launch.MavenLaunchDelegate -  mvn  -Ppom.xml -B -Dstyle.color=always clean
2023-04-18 12:29:50,926 [Worker-22: Launching Executing install in C__wks_Stripe__Stripe_] INFO  o.e.m.i.launch.MavenLaunchDelegate - Run build in "C:\wks\Stripe_\Stripe_":
2023-04-18 12:29:50,926 [Worker-22: Launching Executing install in C__wks_Stripe__Stripe_] INFO  o.e.m.i.launch.MavenLaunchDelegate -  mvn  -Ppom.xml -B -Dstyle.color=always install
2023-04-18 12:32:29,894 [Worker-17: Launching Stripe_ - StripeApplication] INFO  o.a.m.s.f.DefaultMavenResourcesFiltering - Copying 1 resource
2023-04-18 12:32:29,898 [Worker-17: Launching Stripe_ - StripeApplication] INFO  o.a.m.s.f.DefaultMavenResourcesFiltering - Copying 0 resource
2023-04-18 12:32:29,900 [Worker-17: Launching Stripe_ - StripeApplication] INFO  o.a.m.s.f.DefaultMavenResourcesFiltering - skip non existing resourceDirectory C:\wks\Stripe_\Stripe_\src\test\resources
2023-04-18 12:34:14,093 [Worker-21: Launching Executing clean in C__wks_Stripe__Stripe_] INFO  o.e.m.i.launch.MavenLaunchDelegate - Run build in "C:\wks\Stripe_\Stripe_":
2023-04-18 12:34:14,093 [Worker-21: Launching Executing clean in C__wks_Stripe__Stripe_] INFO  o.e.m.i.launch.MavenLaunchDelegate -  mvn  -Ppom.xml -B -Dstyle.color=always clean
2023-04-18 12:34:22,028 [Worker-26: Launching Stripe_ - StripeApplication] INFO  o.a.m.s.f.DefaultMavenResourcesFiltering - Copying 1 resource
2023-04-18 12:34:22,030 [Worker-26: Launching Stripe_ - StripeApplication] INFO  o.a.m.s.f.DefaultMavenResourcesFiltering - Copying 0 resource
2023-04-18 12:34:22,031 [Worker-26: Launching Stripe_ - StripeApplication] INFO  o.a.m.s.f.DefaultMavenResourcesFiltering - skip non existing resourceDirectory C:\wks\Stripe_\Stripe_\src\test\resources
2023-04-18 12:34:31,669 [Worker-23: Launching Executing install in C__wks_Stripe__Stripe_] INFO  o.e.m.i.launch.MavenLaunchDelegate - Run build in "C:\wks\Stripe_\Stripe_":
2023-04-18 12:34:31,669 [Worker-23: Launching Executing install in C__wks_Stripe__Stripe_] INFO  o.e.m.i.launch.MavenLaunchDelegate -  mvn  -Ppom.xml -B -Dstyle.color=always install
2023-04-18 12:36:11,573 [Worker-21: Building] INFO  o.a.m.s.f.DefaultMavenResourcesFiltering - Copying 1 resource
2023-04-18 12:36:11,584 [Worker-21: Building] INFO  o.a.m.s.f.DefaultMavenResourcesFiltering - Copying 0 resource
2023-04-18 12:36:11,588 [Worker-21: Building] INFO  o.a.m.s.f.DefaultMavenResourcesFiltering - skip non existing resourceDirectory C:\wks\Stripe_\Stripe_\src\test\resources
2023-04-18 12:37:22,095 [Worker-26: Building] INFO  o.a.m.s.f.DefaultMavenResourcesFiltering - Copying 1 resource
2023-04-18 12:37:22,099 [Worker-26: Building] INFO  o.a.m.s.f.DefaultMavenResourcesFiltering - Copying 0 resource
2023-04-18 12:37:22,100 [Worker-26: Building] INFO  o.a.m.s.f.DefaultMavenResourcesFiltering - skip non existing resourceDirectory C:\wks\Stripe_\Stripe_\src\test\resources
2023-04-18 12:40:34,397 [Worker-21: Building] INFO  o.a.m.s.f.DefaultMavenResourcesFiltering - Copying 1 resource
2023-04-18 12:40:34,400 [Worker-21: Building] INFO  o.a.m.s.f.DefaultMavenResourcesFiltering - Copying 0 resource
2023-04-18 12:40:34,402 [Worker-21: Building] INFO  o.a.m.s.f.DefaultMavenResourcesFiltering - skip non existing resourceDirectory C:\wks\Stripe_\Stripe_\src\test\resources
2023-04-18 12:40:54,658 [Worker-21: Launching Executing install in C__wks_Stripe__Stripe_] INFO  o.e.m.i.launch.MavenLaunchDelegate - Run build in "C:\wks\Stripe_\Stripe_":
2023-04-18 12:40:54,658 [Worker-21: Launching Executing install in C__wks_Stripe__Stripe_] INFO  o.e.m.i.launch.MavenLaunchDelegate -  mvn  -Ppom.xml -B -Dstyle.color=always install
2023-04-18 12:41:18,299 [Worker-14: Building] INFO  o.a.m.s.f.DefaultMavenResourcesFiltering - Copying 1 resource
2023-04-18 12:41:18,302 [Worker-14: Building] INFO  o.a.m.s.f.DefaultMavenResourcesFiltering - Copying 0 resource
2023-04-18 12:41:18,303 [Worker-14: Building] INFO  o.a.m.s.f.DefaultMavenResourcesFiltering - skip non existing resourceDirectory C:\wks\Stripe_\Stripe_\src\test\resources
2023-04-18 12:44:41,938 [Worker-24: Launching Stripe_ - StripeApplication] INFO  o.a.m.s.f.DefaultMavenResourcesFiltering - Copying 1 resource
2023-04-18 12:44:41,951 [Worker-24: Launching Stripe_ - StripeApplication] INFO  o.a.m.s.f.DefaultMavenResourcesFiltering - Copying 0 resource
2023-04-18 12:44:41,954 [Worker-24: Launching Stripe_ - StripeApplication] INFO  o.a.m.s.f.DefaultMavenResourcesFiltering - skip non existing resourceDirectory C:\wks\Stripe_\Stripe_\src\test\resources
